<?xml version="1.0" encoding="UTF-8"?>
  <testsuites tests="679" disabled="662" errors="0" failures="0" time="115.005657762">
      <testsuite name="E2eNode Suite" package="/home/ubuntu/kubernetes/_output/local/go/bin" tests="679" disabled="0" skipped="662" errors="0" failures="0" time="115.005657762" timestamp="2024-10-09T09:44:19">
          <properties>
              <property name="SuiteSucceeded" value="true"></property>
              <property name="SuiteHasProgrammaticFocus" value="false"></property>
              <property name="SpecialSuiteFailureReason" value=""></property>
              <property name="SuiteLabels" value="[]"></property>
              <property name="RandomSeed" value="1728467059"></property>
              <property name="RandomizeAllSpecs" value="true"></property>
              <property name="LabelFilter" value=""></property>
              <property name="FocusStrings" value="PreStop Hook Test Final"></property>
              <property name="SkipStrings" value="\[Flaky\]|\[Slow\]|\[Serial\]"></property>
              <property name="FocusFiles" value=""></property>
              <property name="SkipFiles" value=""></property>
              <property name="FailOnPending" value="false"></property>
              <property name="FailOnEmpty" value="false"></property>
              <property name="FailFast" value="false"></property>
              <property name="FlakeAttempts" value="0"></property>
              <property name="DryRun" value="false"></property>
              <property name="ParallelTotal" value="8"></property>
              <property name="OutputInterceptorMode" value=""></property>
          </properties>
          <testcase name="[SynchronizedBeforeSuite]" classname="E2eNode Suite" status="passed" time="4.174655234">
              <system-out>I1009 09:44:19.703651  106090 factory.go:193] Registered Plugin &#34;containerd&#34;&#xA;  I1009 09:44:19.724579  106090 mount_linux.go:334] Detected umount with safe &#39;not mounted&#39; behavior&#xA;  I1009 09:44:19.726154  106090 mount_linux.go:334] Detected umount with safe &#39;not mounted&#39; behavior&#xA;  I1009 09:44:19.727720  106090 mount_linux.go:334] Detected umount with safe &#39;not mounted&#39; behavior&#xA;  W1009 09:44:19.747022  106090 test_context.go:538] Unable to find in-cluster config, using default host : https://127.0.0.1:6443&#xA;  I1009 09:44:19.747059  106090 test_context.go:553] Tolerating taints &#34;node-role.kubernetes.io/control-plane&#34; when considering if nodes are ready&#xA;  I1009 09:44:19.747065 106090 test_context.go:561] The --provider flag is not set. Continuing as if --provider=skeleton had been used.&#xA;  I1009 09:44:19.747214  106090 feature_gate.go:387] feature gates: {map[]}&#xA;  I1009 09:44:19.747262  106090 feature_gate.go:387] feature gates: {map[]}&#xA;Validating os...&#xA;�[0;37mOS�[0m: �[0;32mLinux�[0m&#xA;Validating kernel...&#xA;�[0;37mKERNEL_VERSION�[0m: �[0;32m6.8.0-45-generic�[0m&#xA;�[0;37mCONFIG_NAMESPACES�[0m: �[0;32menabled�[0m&#xA;�[0;37mCONFIG_NET_NS�[0m: �[0;32menabled�[0m&#xA;�[0;37mCONFIG_PID_NS�[0m: �[0;32menabled�[0m&#xA;�[0;37mCONFIG_IPC_NS�[0m: �[0;32menabled�[0m&#xA;�[0;37mCONFIG_UTS_NS�[0m: �[0;32menabled�[0m&#xA;�[0;37mCONFIG_CGROUPS�[0m: �[0;32menabled�[0m&#xA;�[0;37mCONFIG_CGROUP_CPUACCT�[0m: �[0;32menabled�[0m&#xA;�[0;37mCONFIG_CGROUP_DEVICE�[0m: �[0;32menabled�[0m&#xA;�[0;37mCONFIG_CGROUP_FREEZER�[0m: �[0;32menabled�[0m&#xA;�[0;37mCONFIG_CGROUP_PIDS�[0m: �[0;32menabled�[0m&#xA;�[0;37mCONFIG_CGROUP_SCHED�[0m: �[0;32menabled�[0m&#xA;�[0;37mCONFIG_CPUSETS�[0m: �[0;32menabled�[0m&#xA;�[0;37mCONFIG_MEMCG�[0m: �[0;32menabled�[0m&#xA;�[0;37mCONFIG_INET�[0m: �[0;32menabled�[0m&#xA;�[0;37mCONFIG_EXT4_FS�[0m: �[0;32menabled�[0m&#xA;�[0;37mCONFIG_PROC_FS�[0m: �[0;32menabled�[0m&#xA;�[0;37mCONFIG_NETFILTER_XT_TARGET_REDIRECT�[0m: �[0;32menabled (as module)�[0m&#xA;�[0;37mCONFIG_NETFILTER_XT_MATCH_COMMENT�[0m: �[0;32menabled (as module)�[0m&#xA;�[0;37mCONFIG_FAIR_GROUP_SCHED�[0m: �[0;32menabled�[0m&#xA;�[0;37mCONFIG_OVERLAY_FS�[0m: �[0;32menabled (as module)�[0m&#xA;�[0;37mCONFIG_AUFS_FS�[0m: �[0;33mnot set - Required for aufs.�[0m&#xA;�[0;37mCONFIG_BLK_DEV_DM�[0m: �[0;32menabled�[0m&#xA;�[0;37mCONFIG_CFS_BANDWIDTH�[0m: �[0;32menabled�[0m&#xA;�[0;37mCONFIG_CGROUP_HUGETLB�[0m: �[0;32menabled�[0m&#xA;�[0;37mCONFIG_SECCOMP�[0m: �[0;32menabled�[0m&#xA;�[0;37mCONFIG_SECCOMP_FILTER�[0m: �[0;32menabled�[0m&#xA;Validating cgroups...&#xA;�[0;37mCGROUPS_CPU�[0m: �[0;32menabled�[0m&#xA;�[0;37mCGROUPS_CPUSET�[0m: �[0;32menabled�[0m&#xA;�[0;37mCGROUPS_DEVICES�[0m: �[0;32menabled�[0m&#xA;�[0;37mCGROUPS_FREEZER�[0m: �[0;32menabled�[0m&#xA;�[0;37mCGROUPS_MEMORY�[0m: �[0;32menabled�[0m&#xA;�[0;37mCGROUPS_PIDS�[0m: �[0;32menabled�[0m&#xA;�[0;37mCGROUPS_HUGETLB�[0m: �[0;32menabled�[0m&#xA;�[0;37mCGROUPS_IO�[0m: �[0;32menabled�[0m&#xA;Validating package...&#xA;PASS&#xA;</system-out>
          </testcase>
          <testcase name="[It] [sig-storage] Downward API volume should provide podname only [NodeConformance] [Conformance]" classname="E2eNode Suite" status="skipped" time="0">
              <skipped message="skipped"></skipped>
          </testcase>
          <testcase name="[It] [sig-node] Probing container with readiness probe should not be ready before initial delay and never restart [NodeConformance] [Conformance]" classname="E2eNode Suite" status="skipped" time="0">
              <skipped message="skipped"></skipped>
          </testcase>
          <testcase name="[It] [sig-storage] ConfigMap should be consumable in multiple volumes in the same pod [NodeConformance] [Conformance]" classname="E2eNode Suite" status="skipped" time="0">
              <skipped message="skipped"></skipped>
          </testcase>
          <testcase name="[It] [sig-node] [NodeConformance] Containers Lifecycle when a pod is terminating because its liveness probe fails should execute readiness probe while in preStop, but not liveness [NodeConformance]" classname="E2eNode Suite" status="skipped" time="0">
              <skipped message="skipped"></skipped>
          </testcase>
          <testcase name="[It] [sig-node] AppArmor [NodeConformance] when running with AppArmor should reject an unloaded profile with annotation" classname="E2eNode Suite" status="skipped" time="0">
              <skipped message="skipped"></skipped>
          </testcase>
          <testcase name="[It] [sig-node] Hostname of Pod [NodeConformance] a pod without subdomain field does not have FQDN" classname="E2eNode Suite" status="skipped" time="0">
              <skipped message="skipped"></skipped>
          </testcase>
          <testcase name="[It] [sig-node] Kubelet Cgroup Manager Pod containers [NodeConformance] On scheduling a Burstable Pod Pod containers should have been created under the Burstable cgroup" classname="E2eNode Suite" status="skipped" time="0">
              <skipped message="skipped"></skipped>
          </testcase>
          <testcase name="[It] [sig-node] [NodeFeature:SidecarContainers] Containers Lifecycle when using a restartable init container in a Pod with restartPolicy=Never when a restartable init container starts and exits with exit code 1 continuously should complete a Pod successfully and produce log" classname="E2eNode Suite" status="skipped" time="0">
              <skipped message="skipped"></skipped>
          </testcase>
          <testcase name="[It] [sig-node] [NodeFeature:SidecarContainers] Containers Lifecycle when using a restartable init container in a Pod with restartPolicy=Never when a restartable init container starts and exits with exit code 1 continuously should restart a restartable init container before the regular container started" classname="E2eNode Suite" status="skipped" time="0">
              <skipped message="skipped"></skipped>
          </testcase>
          <testcase name="[It] [sig-node] [NodeFeature:SidecarContainers] Containers Lifecycle when using a restartable init container in a Pod with restartPolicy=Never when a restartable init container starts and exits with exit code 1 continuously should restart a restartable init container after the regular container started" classname="E2eNode Suite" status="skipped" time="0">
              <skipped message="skipped"></skipped>
          </testcase>
          <testcase name="[It] [sig-node] [NodeFeature:SidecarContainers] Containers Lifecycle when using a restartable init container in a Pod with restartPolicy=Never when a restartable init container starts and exits with exit code 1 continuously should run a regular container to completion" classname="E2eNode Suite" status="skipped" time="0">
              <skipped message="skipped"></skipped>
          </testcase>
          <testcase name="[It] [sig-node] PrivilegedPod [NodeConformance] should enable privileged commands [LinuxOnly]" classname="E2eNode Suite" status="skipped" time="0">
              <skipped message="skipped"></skipped>
          </testcase>
          <testcase name="[It] [sig-node] Probing container should have monotonically increasing restart count [NodeConformance] [Conformance]" classname="E2eNode Suite" status="skipped" time="0">
              <skipped message="skipped"></skipped>
          </testcase>
          <testcase name="[It] [sig-node] Probing container with readiness probe that fails should never be ready and never restart [NodeConformance] [Conformance]" classname="E2eNode Suite" status="skipped" time="0">
              <skipped message="skipped"></skipped>
          </testcase>
          <testcase name="[It] [sig-storage] Secrets should be consumable from pods in volume as non-root with defaultMode and fsGroup set [LinuxOnly] [NodeConformance] [Conformance]" classname="E2eNode Suite" status="skipped" time="0">
              <skipped message="skipped"></skipped>
          </testcase>
          <testcase name="[It] [sig-network] Networking Granular Checks: Pods should function for intra-pod communication: http [NodeConformance] [Conformance]" classname="E2eNode Suite" status="skipped" time="0">
              <skipped message="skipped"></skipped>
          </testcase>
          <testcase name="[It] [sig-node] MirrorPod when create a mirror pod without changes  should successfully recreate when file is removed and recreated [NodeConformance]" classname="E2eNode Suite" status="skipped" time="0">
              <skipped message="skipped"></skipped>
          </testcase>
          <testcase name="[It] [sig-node] Container Runtime blackbox test on terminated container should report termination message if TerminationMessagePath is set as non-root user and at a non-default path [NodeConformance] [Conformance]" classname="E2eNode Suite" status="skipped" time="0">
              <skipped message="skipped"></skipped>
          </testcase>
          <testcase name="[It] [sig-node] Hostname of Pod [NodeConformance] a pod without FQDN is not affected by SetHostnameAsFQDN field" classname="E2eNode Suite" status="skipped" time="0">
              <skipped message="skipped"></skipped>
          </testcase>
          <testcase name="[It] [sig-node] PodTemplates should replace a pod template [Conformance]" classname="E2eNode Suite" status="skipped" time="0">
              <skipped message="skipped"></skipped>
          </testcase>
          <testcase name="[It] [sig-node] Security Context When creating a pod with HostUsers should mount all volumes with proper permissions with hostUsers=false [LinuxOnly] [Feature:UserNamespacesSupport]" classname="E2eNode Suite" status="skipped" time="0">
              <skipped message="skipped"></skipped>
          </testcase>
          <testcase name="[It] [sig-node] OOMKiller [LinuxOnly] [NodeConformance] single process container The containers terminated by OOM killer should have the reason set to OOMKilled" classname="E2eNode Suite" status="skipped" time="0">
              <skipped message="skipped"></skipped>
          </testcase>
          <testcase name="[It] [sig-node] Container Runtime blackbox test when starting a container that exits should run with the expected status [NodeConformance] [Conformance]" classname="E2eNode Suite" status="skipped" time="0">
              <skipped message="skipped"></skipped>
          </testcase>
          <testcase name="[It] [sig-node] Device Plugin Failures Pod Status [NodeFeature:ResourceHealthStatus] will report a Healthy and then Unhealthy single device in the pod status" classname="E2eNode Suite" status="skipped" time="0">
              <skipped message="skipped"></skipped>
          </testcase>
          <testcase name="[It] [sig-node] Security Context When creating a pod with readOnlyRootFilesystem should run the container with readonly rootfs when readOnlyRootFilesystem=true [LinuxOnly] [NodeConformance]" classname="E2eNode Suite" status="skipped" time="0">
              <skipped message="skipped"></skipped>
          </testcase>
          <testcase name="[It] [sig-node] Kubelet Volume Manager Volume Manager On termination of pod with memory backed volume should remove the volume from the node [NodeConformance]" classname="E2eNode Suite" status="skipped" time="0">
              <skipped message="skipped"></skipped>
          </testcase>
          <testcase name="[It] [sig-node] Deleted pods handling [NodeConformance] Should transition to Failed phase a deleted pod if non-zero exit codes Restart policy OnFailure" classname="E2eNode Suite" status="skipped" time="0">
              <skipped message="skipped"></skipped>
          </testcase>
          <testcase name="[It] [sig-node] Container Lifecycle Hook when create a pod with lifecycle hook should execute poststart exec hook properly [NodeConformance] [Conformance]" classname="E2eNode Suite" status="skipped" time="0">
              <skipped message="skipped"></skipped>
          </testcase>
          <testcase name="[It] [sig-node] Probing container should be restarted startup probe fails" classname="E2eNode Suite" status="skipped" time="0">
              <skipped message="skipped"></skipped>
          </testcase>
          <testcase name="[It] [sig-node] RuntimeClass should schedule a Pod requesting a RuntimeClass and initialize its Overhead [NodeConformance] [Conformance]" classname="E2eNode Suite" status="skipped" time="0">
              <skipped message="skipped"></skipped>
          </testcase>
          <testcase name="[It] [sig-node] Security Context When creating a pod with HostUsers must not create the user namespace if set to true [LinuxOnly] [Feature:UserNamespacesSupport]" classname="E2eNode Suite" status="skipped" time="0">
              <skipped message="skipped"></skipped>
          </testcase>
          <testcase name="[It] [sig-node] Pods should run through the lifecycle of Pods and PodStatus [Conformance]" classname="E2eNode Suite" status="skipped" time="0">
              <skipped message="skipped"></skipped>
          </testcase>
          <testcase name="[It] [sig-storage] Downward API volume should provide node allocatable (memory) as default memory limit if the limit is not set [NodeConformance] [Conformance]" classname="E2eNode Suite" status="skipped" time="0">
              <skipped message="skipped"></skipped>
          </testcase>
          <testcase name="[It] [sig-storage] Projected configMap should be consumable from pods in volume with mappings [NodeConformance] [Conformance]" classname="E2eNode Suite" status="skipped" time="0">
              <skipped message="skipped"></skipped>
          </testcase>
          <testcase name="[It] [sig-network] Pod Host IPs when creating a Pod should add node IPs of all supported families to hostIPs of host-network pod" classname="E2eNode Suite" status="skipped" time="0">
              <skipped message="skipped"></skipped>
          </testcase>
          <testcase name="[It] [sig-node] Kubelet Cgroup Manager Pod containers [NodeConformance] On scheduling a Guaranteed Pod Pod containers should have been created under the cgroup-root" classname="E2eNode Suite" status="skipped" time="0">
              <skipped message="skipped"></skipped>
          </testcase>
          <testcase name="[It] [sig-node] ResourceMetricsAPI [NodeFeature:ResourceMetrics] when querying /resource/metrics should report resource usage through the resource metrics api" classname="E2eNode Suite" status="skipped" time="0">
              <skipped message="skipped"></skipped>
          </testcase>
          <testcase name="[It] [sig-storage] EmptyDir volumes should support (root,0666,tmpfs) [LinuxOnly] [NodeConformance] [Conformance]" classname="E2eNode Suite" status="skipped" time="0">
              <skipped message="skipped"></skipped>
          </testcase>
          <testcase name="[It] [sig-storage] Projected downwardAPI should update labels on modification [NodeConformance] [Conformance]" classname="E2eNode Suite" status="skipped" time="0">
              <skipped message="skipped"></skipped>
          </testcase>
          <testcase name="[It] [sig-node] Kubelet PodOverhead handling [LinuxOnly] PodOverhead cgroup accounting On running pod with PodOverhead defined Pod cgroup should be sum of overhead and resource limits" classname="E2eNode Suite" status="skipped" time="0">
              <skipped message="skipped"></skipped>
          </testcase>
          <testcase name="[It] [sig-node] Mount recursive read-only [LinuxOnly] [NodeFeature:RecursiveReadOnlyMounts] Mount recursive read-only when the runtime does not support recursive read-only mounts should reject recursive read-only mounts" classname="E2eNode Suite" status="skipped" time="0">
              <skipped message="skipped"></skipped>
          </testcase>
          <testcase name="[It] [sig-node] Kubelet when scheduling an agnhost Pod with hostAliases should write entries to /etc/hosts [NodeConformance] [Conformance]" classname="E2eNode Suite" status="skipped" time="0">
              <skipped message="skipped"></skipped>
          </testcase>
          <testcase name="[It] [sig-node] ConfigMap should update ConfigMap successfully" classname="E2eNode Suite" status="skipped" time="0">
              <skipped message="skipped"></skipped>
          </testcase>
          <testcase name="[It] [sig-node] Container Runtime blackbox test when running a container with a new image should not be able to pull from private registry without secret [NodeConformance]" classname="E2eNode Suite" status="skipped" time="0">
              <skipped message="skipped"></skipped>
          </testcase>
          <testcase name="[It] [sig-node] [NodeConformance] Containers Lifecycle when a pod cannot terminate gracefully should respect termination grace period seconds [NodeConformance]" classname="E2eNode Suite" status="skipped" time="0">
              <skipped message="skipped"></skipped>
          </testcase>
          <testcase name="[It] [sig-storage] ConfigMap should be consumable from pods in volume as non-root with defaultMode and fsGroup set [LinuxOnly] [NodeFeature:FSGroup]" classname="E2eNode Suite" status="skipped" time="0">
              <skipped message="skipped"></skipped>
          </testcase>
          <testcase name="[It] [sig-network] Networking Granular Checks: Pods should function for intra-pod communication: sctp [LinuxOnly] [Feature:SCTPConnectivity]" classname="E2eNode Suite" status="skipped" time="0">
              <skipped message="skipped"></skipped>
          </testcase>
          <testcase name="[It] [sig-node] MirrorPodWithGracePeriod when create a mirror pod  mirror pod termination should satisfy grace period when static pod is deleted [NodeConformance]" classname="E2eNode Suite" status="skipped" time="0">
              <skipped message="skipped"></skipped>
          </testcase>
          <testcase name="[It] [sig-node] Probing container should be restarted by liveness probe after startup probe enables it" classname="E2eNode Suite" status="skipped" time="0">
              <skipped message="skipped"></skipped>
          </testcase>
          <testcase name="[It] [sig-storage] ConfigMap should be consumable from pods in volume with mappings and Item mode set [LinuxOnly] [NodeConformance] [Conformance]" classname="E2eNode Suite" status="skipped" time="0">
              <skipped message="skipped"></skipped>
          </testcase>
          <testcase name="[It] [sig-node] InitContainer [NodeConformance] should not start app containers and fail the pod if init containers fail on a RestartNever pod [Conformance]" classname="E2eNode Suite" status="skipped" time="0">
              <skipped message="skipped"></skipped>
          </testcase>
          <testcase name="[It] [sig-node] Kubelet Cgroup Manager Pod containers [NodeConformance] On scheduling a BestEffort Pod Pod containers should have been created under the BestEffort cgroup" classname="E2eNode Suite" status="skipped" time="0">
              <skipped message="skipped"></skipped>
          </testcase>
          <testcase name="[It] [sig-node] ContainerLogPath [NodeConformance] Pod with a container printed log to stdout should print log to correct log path" classname="E2eNode Suite" status="skipped" time="0">
              <skipped message="skipped"></skipped>
          </testcase>
          <testcase name="[It] [sig-node] [NodeFeature:SidecarContainers] [Feature:SidecarContainers] Probing restartable init container should be restarted by liveness probe after startup probe enables it" classname="E2eNode Suite" status="skipped" time="0">
              <skipped message="skipped"></skipped>
          </testcase>
          <testcase name="[It] [sig-node] Security Context when creating a pod in the host IPC namespace should not show the shared memory ID in the non-hostIPC containers [NodeFeature:HostAccess]" classname="E2eNode Suite" status="skipped" time="0">
              <skipped message="skipped"></skipped>
          </testcase>
          <testcase name="[It] [sig-node] [NodeFeature:SidecarContainers] [Feature:SidecarContainers] Probing restartable init container should be restarted startup probe fails" classname="E2eNode Suite" status="skipped" time="0">
              <skipped message="skipped"></skipped>
          </testcase>
          <testcase name="[It] [sig-node] Probing container should *not* be restarted with a tcp:8080 liveness probe [NodeConformance] [Conformance]" classname="E2eNode Suite" status="skipped" time="0">
              <skipped message="skipped"></skipped>
          </testcase>
          <testcase name="[It] [sig-node] AppArmor [NodeConformance] when running with AppArmor should enforce a permissive profile with field" classname="E2eNode Suite" status="skipped" time="0">
              <skipped message="skipped"></skipped>
          </testcase>
          <testcase name="[It] [sig-node] Security Context When creating a container with runAsUser should run the container with uid 0 [LinuxOnly] [NodeConformance]" classname="E2eNode Suite" status="skipped" time="0">
              <skipped message="skipped"></skipped>
          </testcase>
          <testcase name="[It] [sig-node] Probing container should be restarted with a exec &#34;cat /tmp/health&#34; liveness probe [NodeConformance] [Conformance]" classname="E2eNode Suite" status="skipped" time="0">
              <skipped message="skipped"></skipped>
          </testcase>
          <testcase name="[It] [sig-node] Variable Expansion should fail substituting values in a volume subpath with absolute path [Conformance]" classname="E2eNode Suite" status="skipped" time="0">
              <skipped message="skipped"></skipped>
          </testcase>
          <testcase name="[It] [sig-node] User Namespaces for Pod Security Standards [LinuxOnly] with UserNamespacesSupport and UserNamespacesPodSecurityStandards enabled should allow pod [Feature:UserNamespacesPodSecurityStandards]" classname="E2eNode Suite" status="skipped" time="0">
              <skipped message="skipped"></skipped>
          </testcase>
          <testcase name="[It] [sig-node] MirrorPod when create a mirror pod  should be recreated when mirror pod gracefully deleted [NodeConformance]" classname="E2eNode Suite" status="skipped" time="0">
              <skipped message="skipped"></skipped>
          </testcase>
          <testcase name="[It] [sig-storage] Secrets should be consumable from pods in volume with mappings [NodeConformance] [Conformance]" classname="E2eNode Suite" status="skipped" time="0">
              <skipped message="skipped"></skipped>
          </testcase>
          <testcase name="[It] [sig-storage] EmptyDir volumes should support (root,0777,default) [LinuxOnly] [NodeConformance] [Conformance]" classname="E2eNode Suite" status="skipped" time="0">
              <skipped message="skipped"></skipped>
          </testcase>
          <testcase name="[It] [sig-network] Networking Granular Checks: Pods should function for node-pod communication: udp [LinuxOnly] [NodeConformance] [Conformance]" classname="E2eNode Suite" status="skipped" time="0">
              <skipped message="skipped"></skipped>
          </testcase>
          <testcase name="[It] [sig-node] [NodeConformance] Containers Lifecycle should restart failing container when pod restartPolicy is Always" classname="E2eNode Suite" status="skipped" time="0">
              <skipped message="skipped"></skipped>
          </testcase>
          <testcase name="[It] [sig-storage] EmptyDir volumes should support (non-root,0777,tmpfs) [LinuxOnly] [NodeConformance] [Conformance]" classname="E2eNode Suite" status="skipped" time="0">
              <skipped message="skipped"></skipped>
          </testcase>
          <testcase name="[It] [sig-node] [NodeFeature:SidecarContainers] Containers Lifecycle should not hang in termination if terminated during initialization" classname="E2eNode Suite" status="skipped" time="0">
              <skipped message="skipped"></skipped>
          </testcase>
          <testcase name="[It] [sig-node] Probing container should mark readiness on pods to false while pod is in progress of terminating when a pod has a readiness probe" classname="E2eNode Suite" status="skipped" time="0">
              <skipped message="skipped"></skipped>
          </testcase>
          <testcase name="[It] [sig-node] Sysctls [LinuxOnly] [NodeConformance] should support sysctls with slashes as separator [MinimumKubeletVersion:1.23] [Environment:NotInUserNS]" classname="E2eNode Suite" status="skipped" time="0">
              <skipped message="skipped"></skipped>
          </testcase>
          <testcase name="[It] [sig-node] [Feature:PodLifecycleSleepAction] when create a pod with lifecycle hook using sleep action reduce GracePeriodSeconds during runtime" classname="E2eNode Suite" status="skipped" time="0">
              <skipped message="skipped"></skipped>
          </testcase>
          <testcase name="[It] [sig-storage] Projected secret should be consumable from pods in volume [NodeConformance] [Conformance]" classname="E2eNode Suite" status="skipped" time="0">
              <skipped message="skipped"></skipped>
          </testcase>
          <testcase name="[It] [sig-storage] Projected configMap optional updates should be reflected in volume [NodeConformance] [Conformance]" classname="E2eNode Suite" status="skipped" time="0">
              <skipped message="skipped"></skipped>
          </testcase>
          <testcase name="[It] [sig-node] Downward API should provide pod UID as env vars [NodeConformance] [Conformance]" classname="E2eNode Suite" status="skipped" time="0">
              <skipped message="skipped"></skipped>
          </testcase>
          <testcase name="[It] [sig-storage] Projected downwardAPI should update annotations on modification [NodeConformance] [Conformance]" classname="E2eNode Suite" status="skipped" time="0">
              <skipped message="skipped"></skipped>
          </testcase>
          <testcase name="[It] [sig-network] Pod IPs when pod gets terminated should contain podIPs in status for succeeded pod" classname="E2eNode Suite" status="skipped" time="0">
              <skipped message="skipped"></skipped>
          </testcase>
          <testcase name="[It] [sig-storage] Secrets should be consumable in multiple volumes in a pod [NodeConformance] [Conformance]" classname="E2eNode Suite" status="skipped" time="0">
              <skipped message="skipped"></skipped>
          </testcase>
          <testcase name="[It] [sig-node] Pods should contain environment variables for services [NodeConformance] [Conformance]" classname="E2eNode Suite" status="skipped" time="0">
              <skipped message="skipped"></skipped>
          </testcase>
          <testcase name="[It] [sig-node] Probing container should not be ready with an exec readiness probe timeout [MinimumKubeletVersion:1.20] [NodeConformance]" classname="E2eNode Suite" status="skipped" time="0">
              <skipped message="skipped"></skipped>
          </testcase>
          <testcase name="[It] [sig-storage] ConfigMap should be consumable from pods in volume with defaultMode set [LinuxOnly] [NodeConformance] [Conformance]" classname="E2eNode Suite" status="skipped" time="0">
              <skipped message="skipped"></skipped>
          </testcase>
          <testcase name="[It] [sig-node] MirrorPod when create a mirror pod  should be recreated when mirror pod forcibly deleted [NodeConformance]" classname="E2eNode Suite" status="skipped" time="0">
              <skipped message="skipped"></skipped>
          </testcase>
          <testcase name="[It] [sig-node] Containers should be able to override the image&#39;s default command and arguments [NodeConformance] [Conformance]" classname="E2eNode Suite" status="skipped" time="0">
              <skipped message="skipped"></skipped>
          </testcase>
          <testcase name="[It] [sig-node] Probing container should *not* be restarted by liveness probe because startup probe delays it" classname="E2eNode Suite" status="skipped" time="0">
              <skipped message="skipped"></skipped>
          </testcase>
          <testcase name="[It] [sig-storage] EmptyDir volumes should support (root,0666,default) [LinuxOnly] [NodeConformance] [Conformance]" classname="E2eNode Suite" status="skipped" time="0">
              <skipped message="skipped"></skipped>
          </testcase>
          <testcase name="[It] [sig-network] Pod Host IPs when creating a Pod should add node IPs of all supported families to hostIPs of pod-network pod" classname="E2eNode Suite" status="skipped" time="0">
              <skipped message="skipped"></skipped>
          </testcase>
          <testcase name="[It] [sig-storage] ConfigMap should be consumable from pods in volume [NodeConformance] [Conformance]" classname="E2eNode Suite" status="skipped" time="0">
              <skipped message="skipped"></skipped>
          </testcase>
          <testcase name="[It] [sig-node] Container Lifecycle Hook when create a pod with lifecycle hook should execute poststart https hook properly [MinimumKubeletVersion:1.23] [NodeConformance]" classname="E2eNode Suite" status="skipped" time="0">
              <skipped message="skipped"></skipped>
          </testcase>
          <testcase name="[It] [sig-node] RuntimeClass should reject a Pod requesting a non-existent RuntimeClass [NodeConformance] [Conformance]" classname="E2eNode Suite" status="skipped" time="0">
              <skipped message="skipped"></skipped>
          </testcase>
          <testcase name="[It] [sig-node] [NodeFeature:SidecarContainers] Containers Lifecycle when using a restartable init container in a Pod with restartPolicy=OnFailure when a restartable init container runs continuously should complete a Pod successfully and produce log" classname="E2eNode Suite" status="skipped" time="0">
              <skipped message="skipped"></skipped>
          </testcase>
          <testcase name="[It] [sig-node] [NodeFeature:SidecarContainers] Containers Lifecycle when using a restartable init container in a Pod with restartPolicy=OnFailure when a restartable init container runs continuously should not restart a restartable init container" classname="E2eNode Suite" status="skipped" time="0">
              <skipped message="skipped"></skipped>
          </testcase>
          <testcase name="[It] [sig-node] [NodeFeature:SidecarContainers] Containers Lifecycle when using a restartable init container in a Pod with restartPolicy=OnFailure when a restartable init container runs continuously should run a regular container to completion" classname="E2eNode Suite" status="skipped" time="0">
              <skipped message="skipped"></skipped>
          </testcase>
          <testcase name="[It] [sig-node] [NodeFeature:SidecarContainers] Containers Lifecycle when using a restartable init container in a Pod with restartPolicy=OnFailure when a restartable init container fails to start because of a bad image should mark a Pod as failed and produce log" classname="E2eNode Suite" status="skipped" time="0">
              <skipped message="skipped"></skipped>
          </testcase>
          <testcase name="[It] [sig-node] [NodeFeature:SidecarContainers] Containers Lifecycle when using a restartable init container in a Pod with restartPolicy=OnFailure when a restartable init container fails to start because of a bad image should not start a restartable init container" classname="E2eNode Suite" status="skipped" time="0">
              <skipped message="skipped"></skipped>
          </testcase>
          <testcase name="[It] [sig-node] [NodeFeature:SidecarContainers] Containers Lifecycle when using a restartable init container in a Pod with restartPolicy=OnFailure when a restartable init container fails to start because of a bad image should not start a regular container" classname="E2eNode Suite" status="skipped" time="0">
              <skipped message="skipped"></skipped>
          </testcase>
          <testcase name="[It] [sig-node] [NodeFeature:SidecarContainers] Containers Lifecycle when using a restartable init container in a Pod with restartPolicy=OnFailure when a restartable init container starts and exits with exit code 0 continuously should complete a Pod successfully and produce log" classname="E2eNode Suite" status="skipped" time="0">
              <skipped message="skipped"></skipped>
          </testcase>
          <testcase name="[It] [sig-node] [NodeFeature:SidecarContainers] Containers Lifecycle when using a restartable init container in a Pod with restartPolicy=OnFailure when a restartable init container starts and exits with exit code 0 continuously should restart a restartable init container before the regular container started" classname="E2eNode Suite" status="skipped" time="0">
              <skipped message="skipped"></skipped>
          </testcase>
          <testcase name="[It] [sig-node] [NodeFeature:SidecarContainers] Containers Lifecycle when using a restartable init container in a Pod with restartPolicy=OnFailure when a restartable init container starts and exits with exit code 0 continuously should restart a restartable init container after the regular container started" classname="E2eNode Suite" status="skipped" time="0">
              <skipped message="skipped"></skipped>
          </testcase>
          <testcase name="[It] [sig-node] [NodeFeature:SidecarContainers] Containers Lifecycle when using a restartable init container in a Pod with restartPolicy=OnFailure when a restartable init container starts and exits with exit code 0 continuously should run a regular container to completion" classname="E2eNode Suite" status="skipped" time="0">
              <skipped message="skipped"></skipped>
          </testcase>
          <testcase name="[It] [sig-node] [NodeFeature:SidecarContainers] Containers Lifecycle when using a restartable init container in a Pod with restartPolicy=OnFailure when a restartable init container starts and exits with exit code 1 continuously should complete a Pod successfully and produce log" classname="E2eNode Suite" status="skipped" time="0">
              <skipped message="skipped"></skipped>
          </testcase>
          <testcase name="[It] [sig-node] [NodeFeature:SidecarContainers] Containers Lifecycle when using a restartable init container in a Pod with restartPolicy=OnFailure when a restartable init container starts and exits with exit code 1 continuously should restart a restartable init container before the regular container started" classname="E2eNode Suite" status="skipped" time="0">
              <skipped message="skipped"></skipped>
          </testcase>
          <testcase name="[It] [sig-node] [NodeFeature:SidecarContainers] Containers Lifecycle when using a restartable init container in a Pod with restartPolicy=OnFailure when a restartable init container starts and exits with exit code 1 continuously should restart a restartable init container after the regular container started" classname="E2eNode Suite" status="skipped" time="0">
              <skipped message="skipped"></skipped>
          </testcase>
          <testcase name="[It] [sig-node] [NodeFeature:SidecarContainers] Containers Lifecycle when using a restartable init container in a Pod with restartPolicy=OnFailure when a restartable init container starts and exits with exit code 1 continuously should run a regular container to completion" classname="E2eNode Suite" status="skipped" time="0">
              <skipped message="skipped"></skipped>
          </testcase>
          <testcase name="[It] [sig-node] [NodeFeature:SidecarContainers] Containers Lifecycle when using a restartable init container in a Pod with restartPolicy=OnFailure when an Init container before restartable init container continuously fails should continuously run Pod keeping it Pending" classname="E2eNode Suite" status="skipped" time="0">
              <skipped message="skipped"></skipped>
          </testcase>
          <testcase name="[It] [sig-node] [NodeFeature:SidecarContainers] Containers Lifecycle when using a restartable init container in a Pod with restartPolicy=OnFailure when an Init container before restartable init container continuously fails should have Init container restartCount greater than 0" classname="E2eNode Suite" status="skipped" time="0">
              <skipped message="skipped"></skipped>
          </testcase>
          <testcase name="[It] [sig-node] [NodeFeature:SidecarContainers] Containers Lifecycle when using a restartable init container in a Pod with restartPolicy=OnFailure when an Init container before restartable init container continuously fails should not start restartable init container" classname="E2eNode Suite" status="skipped" time="0">
              <skipped message="skipped"></skipped>
          </testcase>
          <testcase name="[It] [sig-node] [NodeFeature:SidecarContainers] Containers Lifecycle when using a restartable init container in a Pod with restartPolicy=OnFailure when an Init container after restartable init container fails should continuously run Pod keeping it Pending" classname="E2eNode Suite" status="skipped" time="0">
              <skipped message="skipped"></skipped>
          </testcase>
          <testcase name="[It] [sig-node] [NodeFeature:SidecarContainers] Containers Lifecycle when using a restartable init container in a Pod with restartPolicy=OnFailure when an Init container after restartable init container fails should have Init container restartCount greater than 0" classname="E2eNode Suite" status="skipped" time="0">
              <skipped message="skipped"></skipped>
          </testcase>
          <testcase name="[It] [sig-node] [NodeFeature:SidecarContainers] Containers Lifecycle when using a restartable init container in a Pod with restartPolicy=OnFailure when an Init container after restartable init container fails should be running restartable init container and a failed Init container in parallel" classname="E2eNode Suite" status="skipped" time="0">
              <skipped message="skipped"></skipped>
          </testcase>
          <testcase name="[It] [sig-storage] HostPath should give a volume the correct mode [LinuxOnly] [NodeConformance]" classname="E2eNode Suite" status="skipped" time="0">
              <skipped message="skipped"></skipped>
          </testcase>
          <testcase name="[It] [sig-node] ContainerLogPath [NodeConformance] Pod with a container printed log to stdout should print log to correct cri log path" classname="E2eNode Suite" status="skipped" time="0">
              <skipped message="skipped"></skipped>
          </testcase>
          <testcase name="[It] [sig-node] [NodeFeature:SidecarContainers] [Feature:SidecarContainers] Probing restartable init container should override timeoutGracePeriodSeconds when StartupProbe field is set" classname="E2eNode Suite" status="skipped" time="0">
              <skipped message="skipped"></skipped>
          </testcase>
          <testcase name="[It] [sig-node] [NodeFeature:SidecarContainers] Containers Lifecycle when using a Pod with restartPolicy=Never, three init container and two restartable init containers should finish and produce log" classname="E2eNode Suite" status="skipped" time="0">
              <skipped message="skipped"></skipped>
          </testcase>
          <testcase name="[It] [sig-node] [NodeFeature:SidecarContainers] Containers Lifecycle when using a Pod with restartPolicy=Never, three init container and two restartable init containers should run the first init container to completion before starting first restartable init container" classname="E2eNode Suite" status="skipped" time="0">
              <skipped message="skipped"></skipped>
          </testcase>
          <testcase name="[It] [sig-node] [NodeFeature:SidecarContainers] Containers Lifecycle when using a Pod with restartPolicy=Never, three init container and two restartable init containers should run first init container and first restartable init container together" classname="E2eNode Suite" status="skipped" time="0">
              <skipped message="skipped"></skipped>
          </testcase>
          <testcase name="[It] [sig-node] [NodeFeature:SidecarContainers] Containers Lifecycle when using a Pod with restartPolicy=Never, three init container and two restartable init containers should run second init container to completion before starting second restartable init container" classname="E2eNode Suite" status="skipped" time="0">
              <skipped message="skipped"></skipped>
          </testcase>
          <testcase name="[It] [sig-node] [NodeFeature:SidecarContainers] Containers Lifecycle when using a Pod with restartPolicy=Never, three init container and two restartable init containers should start second restartable init container before third init container" classname="E2eNode Suite" status="skipped" time="0">
              <skipped message="skipped"></skipped>
          </testcase>
          <testcase name="[It] [sig-node] [NodeFeature:SidecarContainers] Containers Lifecycle when using a Pod with restartPolicy=Never, three init container and two restartable init containers should run both restartable init containers and third init container together" classname="E2eNode Suite" status="skipped" time="0">
              <skipped message="skipped"></skipped>
          </testcase>
          <testcase name="[It] [sig-node] [NodeFeature:SidecarContainers] Containers Lifecycle when using a Pod with restartPolicy=Never, three init container and two restartable init containers should run third init container to completion before starting regular container" classname="E2eNode Suite" status="skipped" time="0">
              <skipped message="skipped"></skipped>
          </testcase>
          <testcase name="[It] [sig-node] [NodeFeature:SidecarContainers] Containers Lifecycle when using a Pod with restartPolicy=Never, three init container and two restartable init containers should run both restartable init containers and a regular container together" classname="E2eNode Suite" status="skipped" time="0">
              <skipped message="skipped"></skipped>
          </testcase>
          <testcase name="[It] [sig-node] [NodeFeature:SidecarContainers] [Feature:SidecarContainers] Probing restartable init container should *not* be restarted with a GRPC liveness probe" classname="E2eNode Suite" status="skipped" time="0">
              <skipped message="skipped"></skipped>
          </testcase>
          <testcase name="[It] [sig-node] Security Context When creating a pod with HostUsers should set FSGroup to user inside the container with hostUsers=false [LinuxOnly] [Feature:UserNamespacesSupport]" classname="E2eNode Suite" status="skipped" time="0">
              <skipped message="skipped"></skipped>
          </testcase>
          <testcase name="[It] [sig-node] [NodeFeature:SidecarContainers] [Feature:SidecarContainers] Probing restartable init container should be restarted with a GRPC liveness probe" classname="E2eNode Suite" status="skipped" time="0">
              <skipped message="skipped"></skipped>
          </testcase>
          <testcase name="[It] [sig-node] [NodeFeature:SidecarContainers] [Feature:SidecarContainers] Restartable Init Container Lifecycle Hook when create a pod with lifecycle hook should execute prestop http hook properly" classname="E2eNode Suite" status="skipped" time="0">
              <skipped message="skipped"></skipped>
          </testcase>
          <testcase name="[It] [sig-node] Device Plugin Failures: [NodeConformance] when GetDevicePluginOptions fails, device plugin will not be used" classname="E2eNode Suite" status="skipped" time="0">
              <skipped message="skipped"></skipped>
          </testcase>
          <testcase name="[It] [sig-node] Secrets should be consumable via the environment [NodeConformance] [Conformance]" classname="E2eNode Suite" status="skipped" time="0">
              <skipped message="skipped"></skipped>
          </testcase>
          <testcase name="[It] [sig-node] Security Context when creating containers with AllowPrivilegeEscalation should allow privilege escalation when true [LinuxOnly] [NodeConformance]" classname="E2eNode Suite" status="skipped" time="0">
              <skipped message="skipped"></skipped>
          </testcase>
          <testcase name="[It] [sig-storage] EmptyDir volumes when FSGroup is specified [LinuxOnly] [NodeFeature:FSGroup] new files should be created with FSGroup ownership when container is non-root" classname="E2eNode Suite" status="skipped" time="0">
              <skipped message="skipped"></skipped>
          </testcase>
          <testcase name="[It] [sig-storage] Secrets Should fail non-optional pod creation due to the key in the secret object does not exist [Slow]" classname="E2eNode Suite" status="skipped" time="0">
              <skipped message="skipped"></skipped>
          </testcase>
          <testcase name="[It] [sig-node] AppArmor [NodeConformance] when running with AppArmor should reject an unloaded profile with field" classname="E2eNode Suite" status="skipped" time="0">
              <skipped message="skipped"></skipped>
          </testcase>
          <testcase name="[It] [sig-node] [NodeFeature:SidecarContainers] Containers Lifecycle when using a restartable init container in a Pod with restartPolicy=Never when a restartable init container fails to start because of a bad image should mark a Pod as failed and produce log" classname="E2eNode Suite" status="skipped" time="0">
              <skipped message="skipped"></skipped>
          </testcase>
          <testcase name="[It] [sig-node] [NodeFeature:SidecarContainers] Containers Lifecycle when using a restartable init container in a Pod with restartPolicy=Never when a restartable init container fails to start because of a bad image should not start a restartable init container" classname="E2eNode Suite" status="skipped" time="0">
              <skipped message="skipped"></skipped>
          </testcase>
          <testcase name="[It] [sig-node] [NodeFeature:SidecarContainers] Containers Lifecycle when using a restartable init container in a Pod with restartPolicy=Never when a restartable init container fails to start because of a bad image should not start a regular container" classname="E2eNode Suite" status="skipped" time="0">
              <skipped message="skipped"></skipped>
          </testcase>
          <testcase name="[It] [sig-storage] EmptyDir volumes should support (non-root,0644,tmpfs) [LinuxOnly] [NodeConformance] [Conformance]" classname="E2eNode Suite" status="skipped" time="0">
              <skipped message="skipped"></skipped>
          </testcase>
          <testcase name="[It] [sig-node] Pod InPlace Resize Container [Serial] [Feature:InPlacePodVerticalScaling] [NodeAlphaFeature:InPlacePodVerticalScaling] Burstable QoS pod, one container with cpu &amp; memory requests + limits - increase memory requests and limits" classname="E2eNode Suite" status="skipped" time="0">
              <skipped message="skipped"></skipped>
          </testcase>
          <testcase name="[It] [sig-node] Restart [Serial] [Slow] [Disruptive] Kubelet should delete pods which are marked as terminal and have a deletion timestamp set after restart" classname="E2eNode Suite" status="skipped" time="0">
              <skipped message="skipped"></skipped>
          </testcase>
          <testcase name="[It] [sig-node] Downward API [Serial] [Disruptive] [NodeFeature:DownwardAPIHugePages] Downward API tests for hugepages should provide container&#39;s limits.hugepages-&lt;pagesize&gt; and requests.hugepages-&lt;pagesize&gt; as env vars" classname="E2eNode Suite" status="skipped" time="0">
              <skipped message="skipped"></skipped>
          </testcase>
          <testcase name="[It] [sig-node] Topology Manager [Serial] [Feature:TopologyManager] With kubeconfig updated to static CPU Manager policy run the Topology Manager tests run Topology Manager policy test suite" classname="E2eNode Suite" status="skipped" time="0">
              <skipped message="skipped"></skipped>
          </testcase>
          <testcase name="[It] [sig-node] ImageGarbageCollect [Serial] [NodeFeature:GarbageCollect] when ImageMaximumGCAge is set should GC unused images" classname="E2eNode Suite" status="skipped" time="0">
              <skipped message="skipped"></skipped>
          </testcase>
          <testcase name="[It] [sig-node] Pod InPlace Resize Container [Serial] [Feature:InPlacePodVerticalScaling] [NodeAlphaFeature:InPlacePodVerticalScaling] Burstable QoS pod, one container with cpu &amp; memory requests + limits - increase memory requests and decrease memory limits" classname="E2eNode Suite" status="skipped" time="0">
              <skipped message="skipped"></skipped>
          </testcase>
          <testcase name="[It] [sig-node] SeccompDefault [Serial] [Feature:SeccompDefault] [LinuxOnly] with SeccompDefault enabled should use the default seccomp profile when unspecified" classname="E2eNode Suite" status="skipped" time="0">
              <skipped message="skipped"></skipped>
          </testcase>
          <testcase name="[It] [sig-node] Swap [LinuxOnly] [NodeFeature:NodeSwap] [Serial] [NodeConformance] with a critical pod - should avoid swap" classname="E2eNode Suite" status="skipped" time="0">
              <skipped message="skipped"></skipped>
          </testcase>
          <testcase name="[It] [sig-node] Downward API [Serial] [Disruptive] [NodeFeature:DownwardAPIHugePages] Downward API tests for hugepages should provide default limits.hugepages-&lt;pagesize&gt; from node allocatable" classname="E2eNode Suite" status="skipped" time="0">
              <skipped message="skipped"></skipped>
          </testcase>
          <testcase name="[It] [sig-node] Resource-usage [Serial] [Slow] regular resource usage tracking resource tracking for 35 pods per node [Benchmark]" classname="E2eNode Suite" status="skipped" time="0">
              <skipped message="skipped"></skipped>
          </testcase>
          <testcase name="[It] [sig-node] Density [Serial] [Slow] create a batch of pods with higher API QPS  latency/resource should be within limit when create 90 pods with 300ms interval (QPS 60) [Benchmark][NodeSpecialFeature:Benchmark]" classname="E2eNode Suite" status="skipped" time="0">
              <skipped message="skipped"></skipped>
          </testcase>
          <testcase name="[It] [sig-node] Device Plugin [NodeFeature:DevicePlugin] [Serial] DevicePlugin [Serial] [Disruptive] Keeps device plugin assignments after kubelet restart and device plugin restart (no pod restart)" classname="E2eNode Suite" status="skipped" time="0">
              <skipped message="skipped"></skipped>
          </testcase>
          <testcase name="[It] [sig-node] CPU Manager Metrics [Serial] [Feature:CPUManager] when querying /metrics should report pinning failures when the cpumanager allocation is known to fail" classname="E2eNode Suite" status="skipped" time="0">
              <skipped message="skipped"></skipped>
          </testcase>
          <testcase name="[It] [sig-node] Pod InPlace Resize Container [Serial] [Feature:InPlacePodVerticalScaling] [NodeAlphaFeature:InPlacePodVerticalScaling] Guaranteed QoS pod, one container - increase CPU (NotRequired) &amp; memory (RestartContainer)" classname="E2eNode Suite" status="skipped" time="0">
              <skipped message="skipped"></skipped>
          </testcase>
          <testcase name="[It] [sig-node] [NodeFeature:SidecarContainers] [Serial] Containers Lifecycle should restart the containers in right order after the node reboot" classname="E2eNode Suite" status="skipped" time="0">
              <skipped message="skipped"></skipped>
          </testcase>
          <testcase name="[It] [sig-node] LocalStorageCapacityIsolationFSQuotaMonitoring [Slow] [Serial] [Disruptive] [Feature:LocalStorageCapacityIsolationQuota] [NodeFeature:LSCIQuotaMonitoring] [NodeFeature:UserNamespacesSupport] [Feature:UserNamespacesSupport] when we run containers that should cause use quotas for LSCI monitoring (quotas enabled: true)  should eventually evict all of the correct pods" classname="E2eNode Suite" status="skipped" time="0">
              <skipped message="skipped"></skipped>
          </testcase>
          <testcase name="[It] [sig-node] Memory Manager [Disruptive] [Serial] [Feature:MemoryManager] with none policy  should not report any memory data during request to pod resources List" classname="E2eNode Suite" status="skipped" time="0">
              <skipped message="skipped"></skipped>
          </testcase>
          <testcase name="[It] [sig-node] Restart [Serial] [Slow] [Disruptive] Kubelet should correctly account for terminated pods after restart" classname="E2eNode Suite" status="skipped" time="0">
              <skipped message="skipped"></skipped>
          </testcase>
          <testcase name="[It] [sig-node] MirrorPodWithGracePeriod when create a mirror pod  and the container runtime is temporarily down during pod termination [NodeConformance] [Serial] [Disruptive] the mirror pod should terminate successfully" classname="E2eNode Suite" status="skipped" time="0">
              <skipped message="skipped"></skipped>
          </testcase>
          <testcase name="[It] [sig-node] LocalStorageCapacityIsolationMemoryBackedVolumeEviction [Slow] [Serial] [Disruptive] [Feature:LocalStorageCapacityIsolation] [NodeFeature:Eviction] when we run containers that should cause evictions due to pod local storage violations  should eventually evict all of the correct pods" classname="E2eNode Suite" status="skipped" time="0">
              <skipped message="skipped"></skipped>
          </testcase>
          <testcase name="[It] [sig-node] Device Plugin [NodeFeature:DevicePlugin] [Serial] DevicePlugin [Serial] [Disruptive] Keeps device plugin assignments after the device plugin has restarted (no kubelet restart, pod restart)" classname="E2eNode Suite" status="skipped" time="0">
              <skipped message="skipped"></skipped>
          </testcase>
          <testcase name="[It] [sig-node] POD Resources [Serial] [Feature:PodResources] [NodeFeature:PodResources] with SRIOV devices in the system with CPU manager Static policy  should return the expected responses [NodeFeature:SidecarContainers]" classname="E2eNode Suite" status="skipped" time="0">
              <skipped message="skipped"></skipped>
          </testcase>
          <testcase name="[It] [sig-node] Density [Serial] [Slow] create a batch of pods latency/resource should be within limit when create 90 pods with 0s interval [Benchmark][NodeSpecialFeature:Benchmark]" classname="E2eNode Suite" status="skipped" time="0">
              <skipped message="skipped"></skipped>
          </testcase>
          <testcase name="[It] [sig-node] Pod InPlace Resize Container [Serial] [Feature:InPlacePodVerticalScaling] [NodeAlphaFeature:InPlacePodVerticalScaling] Burstable QoS pod, one container with cpu &amp; memory requests + limits - decrease memory requests and increase CPU limits" classname="E2eNode Suite" status="skipped" time="0">
              <skipped message="skipped"></skipped>
          </testcase>
          <testcase name="[It] [sig-node] Pod InPlace Resize Container [Serial] [Feature:InPlacePodVerticalScaling] [NodeAlphaFeature:InPlacePodVerticalScaling] Burstable QoS pod, one container with cpu &amp; memory requests + limits - increase memory limits only" classname="E2eNode Suite" status="skipped" time="0">
              <skipped message="skipped"></skipped>
          </testcase>
          <testcase name="[It] [sig-node] Pod InPlace Resize Container [Serial] [Feature:InPlacePodVerticalScaling] [NodeAlphaFeature:InPlacePodVerticalScaling] Burstable QoS pod, one container with cpu &amp; memory requests + limits - decrease CPU requests and increase CPU limits" classname="E2eNode Suite" status="skipped" time="0">
              <skipped message="skipped"></skipped>
          </testcase>
          <testcase name="[It] [sig-node] Pod InPlace Resize Container [Serial] [Feature:InPlacePodVerticalScaling] [NodeAlphaFeature:InPlacePodVerticalScaling] Burstable QoS pod, one container with cpu &amp; memory requests + limits - increase CPU requests and decrease memory limits" classname="E2eNode Suite" status="skipped" time="0">
              <skipped message="skipped"></skipped>
          </testcase>
          <testcase name="[It] [sig-node] PriorityPidEvictionOrdering [Slow] [Serial] [Disruptive] [NodeFeature:Eviction] when we run containers with PodAndContainerStatsFromCRI=false that should cause PIDPressure  should eventually evict all of the correct pods" classname="E2eNode Suite" status="skipped" time="0">
              <skipped message="skipped"></skipped>
          </testcase>
          <testcase name="[It] [sig-node] Pod InPlace Resize Container [Serial] [Feature:InPlacePodVerticalScaling] [NodeAlphaFeature:InPlacePodVerticalScaling] Burstable QoS pod, one container - decrease CPU (RestartContainer) &amp; memory (NotRequired)" classname="E2eNode Suite" status="skipped" time="0">
              <skipped message="skipped"></skipped>
          </testcase>
          <testcase name="[It] [sig-node] [Serial] Containers Lifecycle when a Pod is initialized and running should not restart any completed init container after the kubelet restart" classname="E2eNode Suite" status="skipped" time="0">
              <skipped message="skipped"></skipped>
          </testcase>
          <testcase name="[It] [sig-node] Memory Manager [Disruptive] [Serial] [Feature:MemoryManager] with none policy  should succeed to start the pod" classname="E2eNode Suite" status="skipped" time="0">
              <skipped message="skipped"></skipped>
          </testcase>
          <testcase name="[It] [sig-node] KubeletSeparateDiskGC [NodeFeature:KubeletSeparateDiskGC] when there is disk pressure [Slow] [Serial] [Disruptive] on containerFs  should eventually evict all of the correct pods" classname="E2eNode Suite" status="skipped" time="0">
              <skipped message="skipped"></skipped>
          </testcase>
          <testcase name="[It] [sig-node] POD Resources [Serial] [Feature:PodResources] [NodeFeature:PodResources] with SRIOV devices in the system with CPU manager Static policy  should return the expected responses" classname="E2eNode Suite" status="skipped" time="0">
              <skipped message="skipped"></skipped>
          </testcase>
          <testcase name="[It] [sig-node] GracefulNodeShutdown [Serial] [NodeFeature:GracefulNodeShutdown] [NodeFeature:GracefulNodeShutdownBasedOnPodPriority] when gracefully shutting down should be able to gracefully shutdown pods with various grace periods" classname="E2eNode Suite" status="skipped" time="0">
              <skipped message="skipped"></skipped>
          </testcase>
          <testcase name="[It] [sig-node] Container Manager Misc [Serial] Validate OOM score adjustments [NodeFeature:OOMScoreAdj] once the node is setup with test pods pod infra containers oom-score-adj should be -998 and best effort container&#39;s should be 1000" classname="E2eNode Suite" status="skipped" time="0">
              <skipped message="skipped"></skipped>
          </testcase>
          <testcase name="[It] [sig-node] Device Plugin [NodeFeature:DevicePlugin] [Serial] DevicePlugin [Serial] [Disruptive] Keeps device plugin assignments across pod and kubelet restarts (no device plugin restart)" classname="E2eNode Suite" status="skipped" time="0">
              <skipped message="skipped"></skipped>
          </testcase>
          <testcase name="[It] [sig-node] Device Plugin [NodeFeature:DevicePlugin] [Serial] DevicePlugin [Serial] [Disruptive] Keeps device plugin assignments across kubelet restarts (no pod restart, no device plugin restart)" classname="E2eNode Suite" status="skipped" time="0">
              <skipped message="skipped"></skipped>
          </testcase>
          <testcase name="[It] [sig-node] Unknown Pods [Serial] [Disruptive] when creating a mirror pod the static pod should be terminated and cleaned up due to becoming a unknown pod due to being force deleted while kubelet is not running" classname="E2eNode Suite" status="skipped" time="0">
              <skipped message="skipped"></skipped>
          </testcase>
          <testcase name="[It] [sig-node] Swap [LinuxOnly] [NodeFeature:NodeSwap] [Serial] [NodeConformance] with configuration QOS Burstable" classname="E2eNode Suite" status="skipped" time="0">
              <skipped message="skipped"></skipped>
          </testcase>
          <testcase name="[It] [sig-node] DRA [Feature:DynamicResourceAllocation] [NodeAlphaFeature:DynamicResourceAllocation] Resource Kubelet Plugin [Serial] must call NodeUnprepareResources for deleted pod after Kubelet restart" classname="E2eNode Suite" status="skipped" time="0">
              <skipped message="skipped"></skipped>
          </testcase>
          <testcase name="[It] [sig-node] DRA [Feature:DynamicResourceAllocation] [NodeAlphaFeature:DynamicResourceAllocation] Two resource Kubelet Plugins [Serial] must run pod if NodePrepareResources is in progress for one plugin when Kubelet restarts" classname="E2eNode Suite" status="skipped" time="0">
              <skipped message="skipped"></skipped>
          </testcase>
          <testcase name="[It] [sig-storage] Downward API [Serial] [Disruptive] [Feature:EphemeralStorage] Downward API tests for local ephemeral storage should provide default limits.ephemeral-storage from node allocatable" classname="E2eNode Suite" status="skipped" time="0">
              <skipped message="skipped"></skipped>
          </testcase>
          <testcase name="[It] [sig-node] DRA [Feature:DynamicResourceAllocation] [NodeAlphaFeature:DynamicResourceAllocation] ResourceSlice [Serial] must be removed after plugin unregistration" classname="E2eNode Suite" status="skipped" time="0">
              <skipped message="skipped"></skipped>
          </testcase>
          <testcase name="[It] [sig-node] PriorityPidEvictionOrdering [Slow] [Serial] [Disruptive] [NodeFeature:Eviction] when we run containers with PodAndContainerStatsFromCRI=true that should cause PIDPressure  should eventually evict all of the correct pods" classname="E2eNode Suite" status="skipped" time="0">
              <skipped message="skipped"></skipped>
          </testcase>
          <testcase name="[It] [sig-node] Pod conditions managed by Kubelet including PodReadyToStartContainers condition [Serial] [Feature:PodReadyToStartContainersCondition] a pod without init containers should report all conditions set in expected order after the pod is up" classname="E2eNode Suite" status="skipped" time="0">
              <skipped message="skipped"></skipped>
          </testcase>
          <testcase name="[It] [sig-node] POD Resources [Serial] [Feature:PodResources] [NodeFeature:PodResources] with a topology-unaware device plugin, which reports resources w/o hardware topology with CPU manager Static policy  should return proper podresources the same as before the restart of kubelet" classname="E2eNode Suite" status="skipped" time="0">
              <skipped message="skipped"></skipped>
          </testcase>
          <testcase name="[It] [sig-node] Memory Manager [Disruptive] [Serial] [Feature:MemoryManager] with static policy when guaranteed pod has only app containers should succeed to start the pod" classname="E2eNode Suite" status="skipped" time="0">
              <skipped message="skipped"></skipped>
          </testcase>
          <testcase name="[It] [sig-node] PriorityLocalStorageEvictionOrdering [Slow] [Serial] [Disruptive] [NodeFeature:Eviction] when we run containers that should cause DiskPressure  should eventually evict all of the correct pods" classname="E2eNode Suite" status="skipped" time="0">
              <skipped message="skipped"></skipped>
          </testcase>
          <testcase name="[It] [sig-node] KubeletSeparateDiskGC [NodeFeature:KubeletSeparateDiskGC] when there is disk pressure [Slow] [Serial] [Disruptive] on imageFs  should evict all of the correct pods" classname="E2eNode Suite" status="skipped" time="0">
              <skipped message="skipped"></skipped>
          </testcase>
          <testcase name="[It] [sig-node] CPU Manager Metrics [Serial] [Feature:CPUManager] when querying /metrics should not report any pinning failures when the cpumanager allocation is expected to succeed" classname="E2eNode Suite" status="skipped" time="0">
              <skipped message="skipped"></skipped>
          </testcase>
          <testcase name="[It] [sig-node] Node Container Manager [Serial] Validate Node Allocatable [NodeFeature:NodeAllocatable] sets up the node and runs the test" classname="E2eNode Suite" status="skipped" time="0">
              <skipped message="skipped"></skipped>
          </testcase>
          <testcase name="[It] [sig-node] CPU Manager [Serial] [Feature:CPUManager] With kubeconfig updated with static CPU Manager policy run the CPU Manager tests should assign CPUs as expected based on the Pod spec" classname="E2eNode Suite" status="skipped" time="0">
              <skipped message="skipped"></skipped>
          </testcase>
          <testcase name="[It] [sig-node] Pod InPlace Resize Container [Serial] [Feature:InPlacePodVerticalScaling] [NodeAlphaFeature:InPlacePodVerticalScaling] Burstable QoS pod, one container with cpu &amp; memory requests + limits - decrease CPU requests only" classname="E2eNode Suite" status="skipped" time="0">
              <skipped message="skipped"></skipped>
          </testcase>
          <testcase name="[It] [sig-node] SeccompDefault [Serial] [Feature:SeccompDefault] [LinuxOnly] with SeccompDefault enabled should use unconfined when specified" classname="E2eNode Suite" status="skipped" time="0">
              <skipped message="skipped"></skipped>
          </testcase>
          <testcase name="[It] [sig-node] Density [Serial] [Slow] create a batch of pods latency/resource should be within limit when create 90 pods with 100ms interval [Benchmark][NodeSpecialFeature:Benchmark]" classname="E2eNode Suite" status="skipped" time="0">
              <skipped message="skipped"></skipped>
          </testcase>
          <testcase name="[It] [sig-node] DRA [Feature:DynamicResourceAllocation] [NodeAlphaFeature:DynamicResourceAllocation] Two resource Kubelet Plugins [Serial] must run pod if NodePrepareResources fails for one plugin and then succeeds" classname="E2eNode Suite" status="skipped" time="0">
              <skipped message="skipped"></skipped>
          </testcase>
          <testcase name="[It] [sig-node] POD Resources [Serial] [Feature:PodResources] [NodeFeature:PodResources] without SRIOV devices in the system [Flaky] with CPU manager None policy should return the expected responses" classname="E2eNode Suite" status="skipped" time="0">
              <skipped message="skipped"></skipped>
          </testcase>
          <testcase name="[It] [sig-node] Pod InPlace Resize Container [Serial] [Feature:InPlacePodVerticalScaling] [NodeAlphaFeature:InPlacePodVerticalScaling] Burstable QoS pod, three containers - decrease c1 resources, increase c2 resources, no change for c3 (net increase for pod)" classname="E2eNode Suite" status="skipped" time="0">
              <skipped message="skipped"></skipped>
          </testcase>
          <testcase name="[It] [sig-node] Swap [LinuxOnly] [NodeFeature:NodeSwap] [Serial] [Serial] with swap stress LimitedSwap should be able to use more memory than memory limits" classname="E2eNode Suite" status="skipped" time="0">
              <skipped message="skipped"></skipped>
          </testcase>
          <testcase name="[It] [sig-node] DRA [Feature:DynamicResourceAllocation] [NodeAlphaFeature:DynamicResourceAllocation] Resource Kubelet Plugin [Serial] must run pod if NodeUnprepareResources fails and then succeeds" classname="E2eNode Suite" status="skipped" time="0">
              <skipped message="skipped"></skipped>
          </testcase>
          <testcase name="[It] [sig-node] DRA [Feature:DynamicResourceAllocation] [NodeAlphaFeature:DynamicResourceAllocation] Resource Kubelet Plugin [Serial] must register after Kubelet restart" classname="E2eNode Suite" status="skipped" time="0">
              <skipped message="skipped"></skipped>
          </testcase>
          <testcase name="[It] [sig-node] Pod InPlace Resize Container [Serial] [Feature:InPlacePodVerticalScaling] [NodeAlphaFeature:InPlacePodVerticalScaling] Guaranteed QoS pod, one container - decrease CPU &amp; memory" classname="E2eNode Suite" status="skipped" time="0">
              <skipped message="skipped"></skipped>
          </testcase>
          <testcase name="[It] [sig-node] ImageGarbageCollect [Serial] [NodeFeature:GarbageCollect] when ImageMaximumGCAge is set should not GC unused images prematurely" classname="E2eNode Suite" status="skipped" time="0">
              <skipped message="skipped"></skipped>
          </testcase>
          <testcase name="[It] [sig-node] Restart [Serial] [Slow] [Disruptive] Kubelet should force-delete non-admissible pods created and deleted during kubelet restart" classname="E2eNode Suite" status="skipped" time="0">
              <skipped message="skipped"></skipped>
          </testcase>
          <testcase name="[It] [sig-node] Resource-usage [Serial] [Slow] regular resource usage tracking resource tracking for 10 pods per node [Benchmark]" classname="E2eNode Suite" status="skipped" time="0">
              <skipped message="skipped"></skipped>
          </testcase>
          <testcase name="[It] [sig-node] Density [Serial] [Slow] create a batch of pods latency/resource should be within limit when create 35 pods with 100ms interval [Benchmark][NodeSpecialFeature:Benchmark]" classname="E2eNode Suite" status="skipped" time="0">
              <skipped message="skipped"></skipped>
          </testcase>
          <testcase name="[It] [sig-node] Density [Serial] [Slow] create a sequence of pods latency/resource should be within limit when create 50 pods with 50 background pods [Benchmark][NodeSpeicalFeature:Benchmark]" classname="E2eNode Suite" status="skipped" time="0">
              <skipped message="skipped"></skipped>
          </testcase>
          <testcase name="[It] [sig-node] Density [Serial] [Slow] create a batch of pods latency/resource should be within limit when create 10 pods with 300ms interval [Benchmark][NodeSpecialFeature:Benchmark]" classname="E2eNode Suite" status="skipped" time="0">
              <skipped message="skipped"></skipped>
          </testcase>
          <testcase name="[It] [sig-node] Container Manager Misc [Serial] Validate OOM score adjustments [NodeFeature:OOMScoreAdj] once the node is setup container runtime&#39;s oom-score-adj should be -999" classname="E2eNode Suite" status="skipped" time="0">
              <skipped message="skipped"></skipped>
          </testcase>
          <testcase name="[It] [sig-node] [Serial] Containers Lifecycle when a Pod is initializing the long-running init container should not restart any completed init container, even after the completed init container statuses have been removed and the kubelet restarted" classname="E2eNode Suite" status="skipped" time="0">
              <skipped message="skipped"></skipped>
          </testcase>
          <testcase name="[It] [sig-node] Swap [LinuxOnly] [NodeFeature:NodeSwap] [Serial] [Serial] with swap stress LimitedSwap should be able to use more than the node memory capacity" classname="E2eNode Suite" status="skipped" time="0">
              <skipped message="skipped"></skipped>
          </testcase>
          <testcase name="[It] [sig-node] GracefulNodeShutdown [Serial] [NodeFeature:GracefulNodeShutdown] [NodeFeature:GracefulNodeShutdownBasedOnPodPriority] when gracefully shutting down with Pod priority [Flaky] should be able to gracefully shutdown pods with various grace periods" classname="E2eNode Suite" status="skipped" time="0">
              <skipped message="skipped"></skipped>
          </testcase>
          <testcase name="[It] [sig-node] Device Plugin [NodeFeature:DevicePlugin] [Serial] DevicePlugin [Serial] [Disruptive] Can schedule a pod that requires a device" classname="E2eNode Suite" status="skipped" time="0">
              <skipped message="skipped"></skipped>
          </testcase>
          <testcase name="[It] [sig-node] POD Resources [Serial] [Feature:PodResources] [NodeFeature:PodResources] without SRIOV devices in the system [Flaky] with disabled KubeletPodResourcesGet feature gate should return the expected error with the feature gate disabled" classname="E2eNode Suite" status="skipped" time="0">
              <skipped message="skipped"></skipped>
          </testcase>
          <testcase name="[It] [sig-node] HugePages [Serial] [Feature:HugePages] [NodeSpecialFeature:HugePages] when start the pod with the resources requests that contain only one hugepages resource  with the backward compatible API should set correct hugetlb mount and limit under the container cgroup" classname="E2eNode Suite" status="skipped" time="0">
              <skipped message="skipped"></skipped>
          </testcase>
          <testcase name="[It] [sig-node] Node Performance Testing [Serial] [Slow] Run node performance testing with pre-defined workloads NAS parallel benchmark (NPB) suite - Integer Sort (IS) workload" classname="E2eNode Suite" status="skipped" time="0">
              <skipped message="skipped"></skipped>
          </testcase>
          <testcase name="[It] [sig-node] Resource-usage [Serial] [Slow] regular resource usage tracking resource tracking for 90 pods per node [Benchmark]" classname="E2eNode Suite" status="skipped" time="0">
              <skipped message="skipped"></skipped>
          </testcase>
          <testcase name="[It] [sig-node] Pod InPlace Resize Container [Serial] [Feature:InPlacePodVerticalScaling] [NodeAlphaFeature:InPlacePodVerticalScaling] Burstable QoS pod, one container with cpu &amp; memory requests - decrease memory request" classname="E2eNode Suite" status="skipped" time="0">
              <skipped message="skipped"></skipped>
          </testcase>
          <testcase name="[It] [sig-node] MemoryAllocatableEviction [Slow] [Serial] [Disruptive] [NodeFeature:Eviction] when we run containers that should cause MemoryPressure  should eventually evict all of the correct pods" classname="E2eNode Suite" status="skipped" time="0">
              <skipped message="skipped"></skipped>
          </testcase>
          <testcase name="[It] [sig-node] Density [Serial] [Slow] create a sequence of pods latency/resource should be within limit when create 10 pods with 50 background pods [Benchmark][NodeSpeicalFeature:Benchmark]" classname="E2eNode Suite" status="skipped" time="0">
              <skipped message="skipped"></skipped>
          </testcase>
          <testcase name="[It] [sig-node] GarbageCollect [Serial] [NodeFeature:GarbageCollect] Garbage Collection Test: Many Pods with Many Restarting Containers Should eventually garbage collect containers when we exceed the number of dead containers per container" classname="E2eNode Suite" status="skipped" time="0">
              <skipped message="skipped"></skipped>
          </testcase>
          <testcase name="[It] [sig-node] Pod InPlace Resize Container [Serial] [Feature:InPlacePodVerticalScaling] [NodeAlphaFeature:InPlacePodVerticalScaling] Burstable QoS pod, one container with cpu &amp; memory requests + limits - decrease memory requests and increase memory limits" classname="E2eNode Suite" status="skipped" time="0">
              <skipped message="skipped"></skipped>
          </testcase>
          <testcase name="[It] [sig-node] Density [Serial] [Slow] create a batch of pods with higher API QPS  latency/resource should be within limit when create 90 pods with 0s interval (QPS 60) [Benchmark][NodeSpecialFeature:Benchmark]" classname="E2eNode Suite" status="skipped" time="0">
              <skipped message="skipped"></skipped>
          </testcase>
          <testcase name="[It] [sig-node] Density [Serial] [Slow] create a sequence of pods latency/resource should be within limit when create 30 pods with 50 background pods [Benchmark][NodeSpeicalFeature:Benchmark]" classname="E2eNode Suite" status="skipped" time="0">
              <skipped message="skipped"></skipped>
          </testcase>
          <testcase name="[It] [sig-node] Swap [LinuxOnly] [NodeFeature:NodeSwap] [Serial] [NodeConformance] with configuration QOS Guaranteed" classname="E2eNode Suite" status="skipped" time="0">
              <skipped message="skipped"></skipped>
          </testcase>
          <testcase name="[It] [sig-node] Device Manager [Serial] [NodeFeature:DeviceManager] With sample device plugin [Serial] [Disruptive] should deploy pod consuming devices first but fail with admission error after kubelet restart in case device plugin hasn&#39;t re-registered [Flaky]" classname="E2eNode Suite" status="skipped" time="0">
              <skipped message="skipped"></skipped>
          </testcase>
          <testcase name="[It] [sig-node] Pod InPlace Resize Container [Serial] [Feature:InPlacePodVerticalScaling] [NodeAlphaFeature:InPlacePodVerticalScaling] Burstable QoS pod, one container with cpu &amp; memory requests + limits - increase CPU requests and decrease CPU limits" classname="E2eNode Suite" status="skipped" time="0">
              <skipped message="skipped"></skipped>
          </testcase>
          <testcase name="[It] [sig-node] Container Manager Misc [Serial] Validate OOM score adjustments [NodeFeature:OOMScoreAdj] once the node is setup with test pods guaranteed container&#39;s oom-score-adj should be -998" classname="E2eNode Suite" status="skipped" time="0">
              <skipped message="skipped"></skipped>
          </testcase>
          <testcase name="[It] [sig-node] Device Plugin [NodeFeature:DevicePlugin] [Serial] DevicePlugin [Serial] [Disruptive] Can schedule a pod with a restartable init container [NodeFeature:SidecarContainers]" classname="E2eNode Suite" status="skipped" time="0">
              <skipped message="skipped"></skipped>
          </testcase>
          <testcase name="[It] [sig-node] Pod conditions managed by Kubelet including PodReadyToStartContainers condition [Serial] [Feature:PodReadyToStartContainersCondition] a pod failing to mount volumes and without init containers should report scheduled and initialized conditions set" classname="E2eNode Suite" status="skipped" time="0">
              <skipped message="skipped"></skipped>
          </testcase>
          <testcase name="[It] [sig-node] Device Plugin [NodeFeature:DevicePlugin] [Serial] DevicePlugin [Serial] [Disruptive] Keeps device plugin assignments across node reboots (no pod restart, no device plugin re-registration) [Flaky]" classname="E2eNode Suite" status="skipped" time="0">
              <skipped message="skipped"></skipped>
          </testcase>
          <testcase name="[It] [sig-storage] Downward API [Serial] [Disruptive] [Feature:EphemeralStorage] Downward API tests for local ephemeral storage should provide container&#39;s limits.ephemeral-storage and requests.ephemeral-storage as env vars" classname="E2eNode Suite" status="skipped" time="0">
              <skipped message="skipped"></skipped>
          </testcase>
          <testcase name="[It] [sig-node] Pod InPlace Resize Container [Serial] [Feature:InPlacePodVerticalScaling] [NodeAlphaFeature:InPlacePodVerticalScaling] Guaranteed QoS pod, one container - decrease CPU &amp; increase memory" classname="E2eNode Suite" status="skipped" time="0">
              <skipped message="skipped"></skipped>
          </testcase>
          <testcase name="[It] [sig-node] POD Resources [Serial] [Feature:PodResources] [NodeFeature:PodResources] with the builtin rate limit values [Flaky] should hit throttling when calling podresources List in a tight loop" classname="E2eNode Suite" status="skipped" time="0">
              <skipped message="skipped"></skipped>
          </testcase>
          <testcase name="[It] [sig-node] InodeEviction [Slow] [Serial] [Disruptive] [NodeFeature:Eviction] when we run containers that should cause DiskPressure  should eventually evict all of the correct pods" classname="E2eNode Suite" status="skipped" time="0">
              <skipped message="skipped"></skipped>
          </testcase>
          <testcase name="[It] [sig-node] Pod InPlace Resize Container [Serial] [Feature:InPlacePodVerticalScaling] [NodeAlphaFeature:InPlacePodVerticalScaling] Burstable QoS pod, one container with cpu &amp; memory requests + limits - increase CPU limits only" classname="E2eNode Suite" status="skipped" time="0">
              <skipped message="skipped"></skipped>
          </testcase>
          <testcase name="[It] [sig-node] Pod InPlace Resize Container [Serial] [Feature:InPlacePodVerticalScaling] [NodeAlphaFeature:InPlacePodVerticalScaling] Burstable QoS pod, three containers - no change for c1, increase c2 resources, decrease c3 (net decrease for pod)" classname="E2eNode Suite" status="skipped" time="0">
              <skipped message="skipped"></skipped>
          </testcase>
          <testcase name="[It] [sig-node] DRA [Feature:DynamicResourceAllocation] [NodeAlphaFeature:DynamicResourceAllocation] ResourceSlice [Serial] must be removed on kubelet startup [Disruptive]" classname="E2eNode Suite" status="skipped" time="0">
              <skipped message="skipped"></skipped>
          </testcase>
          <testcase name="[It] [sig-node] Pod conditions managed by Kubelet including PodReadyToStartContainers condition [Serial] [Feature:PodReadyToStartContainersCondition] a pod failing to mount volumes and with init containers should report just the scheduled condition set" classname="E2eNode Suite" status="skipped" time="0">
              <skipped message="skipped"></skipped>
          </testcase>
          <testcase name="[It] [sig-node] Pod InPlace Resize Container [Serial] [Feature:InPlacePodVerticalScaling] [NodeAlphaFeature:InPlacePodVerticalScaling] Burstable QoS pod, one container with cpu &amp; memory requests + limits - decrease memory requests and limits" classname="E2eNode Suite" status="skipped" time="0">
              <skipped message="skipped"></skipped>
          </testcase>
          <testcase name="[It] [sig-node] DRA [Feature:DynamicResourceAllocation] [NodeAlphaFeature:DynamicResourceAllocation] Resource Kubelet Plugin [Serial] must retry NodeUnprepareResources after Kubelet restart" classname="E2eNode Suite" status="skipped" time="0">
              <skipped message="skipped"></skipped>
          </testcase>
          <testcase name="[It] [sig-node] DRA [Feature:DynamicResourceAllocation] [NodeAlphaFeature:DynamicResourceAllocation] Two resource Kubelet Plugins [Serial] must call NodeUnprepareResources again if it&#39;s in progress for one plugin when Kubelet restarts" classname="E2eNode Suite" status="skipped" time="0">
              <skipped message="skipped"></skipped>
          </testcase>
          <testcase name="[It] [sig-node] GracefulNodeShutdown [Serial] [NodeFeature:GracefulNodeShutdown] [NodeFeature:GracefulNodeShutdownBasedOnPodPriority] graceful node shutdown; baseline scenario to verify DisruptionTarget is added should add the DisruptionTarget pod failure condition to the evicted pods" classname="E2eNode Suite" status="skipped" time="0">
              <skipped message="skipped"></skipped>
          </testcase>
          <testcase name="[It] [sig-node] HugePages [Serial] [Feature:HugePages] [NodeSpecialFeature:HugePages] when start the pod with the resources requests that contain multiple hugepages resources  should set correct hugetlb mount and limit under the container cgroup" classname="E2eNode Suite" status="skipped" time="0">
              <skipped message="skipped"></skipped>
          </testcase>
          <testcase name="[It] [sig-node] Device Plugin [NodeFeature:DevicePlugin] [Serial] DevicePlugin [Serial] [Disruptive] Keeps device plugin assignments across pod restarts (no kubelet restart, no device plugin restart)" classname="E2eNode Suite" status="skipped" time="0">
              <skipped message="skipped"></skipped>
          </testcase>
          <testcase name="[It] [sig-node] Topology Manager Metrics [Serial] [Feature:TopologyManager] when querying /metrics should not report any admission failures when the topology manager alignment is expected to succeed" classname="E2eNode Suite" status="skipped" time="0">
              <skipped message="skipped"></skipped>
          </testcase>
          <testcase name="[It] [sig-node] Resource-usage [Serial] [Slow] regular resource usage tracking resource tracking for 10 pods per node" classname="E2eNode Suite" status="skipped" time="0">
              <skipped message="skipped"></skipped>
          </testcase>
          <testcase name="[It] [sig-node] Topology Manager [Serial] [Feature:TopologyManager] With kubeconfig updated to static CPU Manager policy run the Topology Manager tests run the Topology Manager pod scope alignment test suite" classname="E2eNode Suite" status="skipped" time="0">
              <skipped message="skipped"></skipped>
          </testcase>
          <testcase name="[It] [sig-node] ContainerLogRotation [Slow] [Serial] [Disruptive] when a container generates a lot of log should be rotated and limited to a fixed amount of files" classname="E2eNode Suite" status="skipped" time="0">
              <skipped message="skipped"></skipped>
          </testcase>
          <testcase name="[It] [sig-node] LocalStorageCapacityIsolationFSQuotaMonitoring [Slow] [Serial] [Disruptive] [Feature:LocalStorageCapacityIsolationQuota] [NodeFeature:LSCIQuotaMonitoring] [NodeFeature:UserNamespacesSupport] [Feature:UserNamespacesSupport] when we run containers that should cause use quotas for LSCI monitoring (quotas enabled: false)  should eventually evict all of the correct pods" classname="E2eNode Suite" status="skipped" time="0">
              <skipped message="skipped"></skipped>
          </testcase>
          <testcase name="[It] [sig-node] Pod InPlace Resize Container [Serial] [Feature:InPlacePodVerticalScaling] [NodeAlphaFeature:InPlacePodVerticalScaling] Burstable QoS pod, one container with cpu &amp; memory requests + limits - decrease memory requests only" classname="E2eNode Suite" status="skipped" time="0">
              <skipped message="skipped"></skipped>
          </testcase>
          <testcase name="[It] [sig-node] Pod conditions managed by Kubelet including PodReadyToStartContainers condition [Serial] [Feature:PodReadyToStartContainersCondition] a pod with init containers should report all conditions set in expected order after the pod is up" classname="E2eNode Suite" status="skipped" time="0">
              <skipped message="skipped"></skipped>
          </testcase>
          <testcase name="[It] [sig-node] Swap [LinuxOnly] [NodeFeature:NodeSwap] [Serial] [Serial] Basic functionality with configuration QOS Best-effort" classname="E2eNode Suite" status="skipped" time="0">
              <skipped message="skipped"></skipped>
          </testcase>
          <testcase name="[It] [sig-node] OSArchLabelReconciliation [Serial] [Slow] [Disruptive] Kubelet should reconcile the OS and Arch labels when running" classname="E2eNode Suite" status="skipped" time="0">
              <skipped message="skipped"></skipped>
          </testcase>
          <testcase name="[It] [sig-node] LocalStorageEviction [Slow] [Serial] [Disruptive] [NodeFeature:Eviction] when we run containers that should cause DiskPressure  should eventually evict all of the correct pods" classname="E2eNode Suite" status="skipped" time="0">
              <skipped message="skipped"></skipped>
          </testcase>
          <testcase name="[It] [sig-node] Swap [LinuxOnly] [NodeFeature:NodeSwap] [Serial] [Serial] Basic functionality with configuration QOS Burstable with memory request equals to limit" classname="E2eNode Suite" status="skipped" time="0">
              <skipped message="skipped"></skipped>
          </testcase>
          <testcase name="[It] [sig-node] Container Manager Misc [Serial] Validate OOM score adjustments [NodeFeature:OOMScoreAdj] once the node is setup Kubelet&#39;s oom-score-adj should be -999" classname="E2eNode Suite" status="skipped" time="0">
              <skipped message="skipped"></skipped>
          </testcase>
          <testcase name="[It] [sig-node] GracefulNodeShutdown [Serial] [NodeFeature:GracefulNodeShutdown] [NodeFeature:GracefulNodeShutdownBasedOnPodPriority] when gracefully shutting down should be able to handle a cancelled shutdown" classname="E2eNode Suite" status="skipped" time="0">
              <skipped message="skipped"></skipped>
          </testcase>
          <testcase name="[It] [sig-node] OOMKiller for pod using more memory than node allocatable [LinuxOnly] [Serial] single process container without resource limits The containers terminated by OOM killer should have the reason set to OOMKilled" classname="E2eNode Suite" status="skipped" time="0">
              <skipped message="skipped"></skipped>
          </testcase>
          <testcase name="[It] [sig-node] Memory Manager [Disruptive] [Serial] [Feature:MemoryManager] with static policy when guaranteed pod has init and app containers should succeed to start the pod" classname="E2eNode Suite" status="skipped" time="0">
              <skipped message="skipped"></skipped>
          </testcase>
          <testcase name="[It] [sig-node] Density [Serial] [Slow] create a batch of pods latency/resource should be within limit when create 10 pods with 100ms interval [Benchmark][NodeSpecialFeature:Benchmark]" classname="E2eNode Suite" status="skipped" time="0">
              <skipped message="skipped"></skipped>
          </testcase>
          <testcase name="[It] [sig-node] GarbageCollect [Serial] [NodeFeature:GarbageCollect] Garbage Collection Test: One Non-restarting Container Should eventually garbage collect containers when we exceed the number of dead containers per container" classname="E2eNode Suite" status="skipped" time="0">
              <skipped message="skipped"></skipped>
          </testcase>
          <testcase name="[It] [sig-node] DRA [Feature:DynamicResourceAllocation] [NodeAlphaFeature:DynamicResourceAllocation] Resource Kubelet Plugin [Serial] must register after plugin restart" classname="E2eNode Suite" status="skipped" time="0">
              <skipped message="skipped"></skipped>
          </testcase>
          <testcase name="[It] [sig-node] Restart [Serial] [Slow] [Disruptive] Kubelet should force-delete non-admissible pods that was admitted and running before kubelet restart" classname="E2eNode Suite" status="skipped" time="0">
              <skipped message="skipped"></skipped>
          </testcase>
          <testcase name="[It] [sig-node] Restart [Serial] [Slow] [Disruptive] Container Runtime Network should recover from ip leak" classname="E2eNode Suite" status="skipped" time="0">
              <skipped message="skipped"></skipped>
          </testcase>
          <testcase name="[It] [sig-node] Container Manager Misc [Serial] Validate OOM score adjustments [NodeFeature:OOMScoreAdj] once the node is setup with test pods burstable container&#39;s oom-score-adj should be between [2, 1000)" classname="E2eNode Suite" status="skipped" time="0">
              <skipped message="skipped"></skipped>
          </testcase>
          <testcase name="[It] [sig-node] DRA [Feature:DynamicResourceAllocation] [NodeAlphaFeature:DynamicResourceAllocation] Resource Kubelet Plugin [Serial] must keep pod in pending state if NodePrepareResources times out" classname="E2eNode Suite" status="skipped" time="0">
              <skipped message="skipped"></skipped>
          </testcase>
          <testcase name="[It] [sig-node] Swap [LinuxOnly] [NodeFeature:NodeSwap] [Serial] [Serial] Basic functionality with configuration QOS Burstable" classname="E2eNode Suite" status="skipped" time="0">
              <skipped message="skipped"></skipped>
          </testcase>
          <testcase name="[It] [sig-node] Density [Serial] [Slow] create a batch of pods latency/resource should be within limit when create 35 pods with 0s interval [Benchmark][NodeSpecialFeature:Benchmark]" classname="E2eNode Suite" status="skipped" time="0">
              <skipped message="skipped"></skipped>
          </testcase>
          <testcase name="[It] [sig-node] Pod InPlace Resize Container [Serial] [Feature:InPlacePodVerticalScaling] [NodeAlphaFeature:InPlacePodVerticalScaling] Burstable QoS pod, one container with cpu &amp; memory requests + limits - decrease CPU requests and increase memory limits" classname="E2eNode Suite" status="skipped" time="0">
              <skipped message="skipped"></skipped>
          </testcase>
          <testcase name="[It] [sig-node] PriorityMemoryEvictionOrdering [Slow] [Serial] [Disruptive] [NodeFeature:Eviction] when we run containers that should cause MemoryPressure  should eventually evict all of the correct pods" classname="E2eNode Suite" status="skipped" time="0">
              <skipped message="skipped"></skipped>
          </testcase>
          <testcase name="[It] [sig-node] Pod InPlace Resize Container [Serial] [Feature:InPlacePodVerticalScaling] [NodeAlphaFeature:InPlacePodVerticalScaling] Guaranteed QoS pod, one container - increase CPU &amp; memory" classname="E2eNode Suite" status="skipped" time="0">
              <skipped message="skipped"></skipped>
          </testcase>
          <testcase name="[It] [sig-node] LocalStorageCapacityIsolationEviction [Slow] [Serial] [Disruptive] [Feature:LocalStorageCapacityIsolation] [NodeFeature:Eviction] when we run containers that should cause evictions due to pod local storage violations  should eventually evict all of the correct pods" classname="E2eNode Suite" status="skipped" time="0">
              <skipped message="skipped"></skipped>
          </testcase>
          <testcase name="[It] [sig-node] Density [Serial] [Slow] create a batch of pods latency/resource should be within limit when create 35 pods with 300ms interval [Benchmark][NodeSpecialFeature:Benchmark]" classname="E2eNode Suite" status="skipped" time="0">
              <skipped message="skipped"></skipped>
          </testcase>
          <testcase name="[It] [sig-node] [Serial] Containers Lifecycle when a Pod is initializing the long-running init container should not restart any completed init container after the kubelet restart" classname="E2eNode Suite" status="skipped" time="0">
              <skipped message="skipped"></skipped>
          </testcase>
          <testcase name="[It] [sig-node] Topology Manager [Serial] [Feature:TopologyManager] With kubeconfig&#39;s topologyOptions updated to static CPU Manager policy run the Topology Manager tests run the Topology Manager pod scope alignment test suite" classname="E2eNode Suite" status="skipped" time="0">
              <skipped message="skipped"></skipped>
          </testcase>
          <testcase name="[It] [sig-node] CPU Manager [Serial] [Feature:CPUManager] With kubeconfig updated with static CPU Manager policy run the CPU Manager tests should assign CPUs as expected with enhanced policy based on strict SMT alignment" classname="E2eNode Suite" status="skipped" time="0">
              <skipped message="skipped"></skipped>
          </testcase>
          <testcase name="[It] [sig-node] DRA [Feature:DynamicResourceAllocation] [NodeAlphaFeature:DynamicResourceAllocation] Resource Kubelet Plugin [Serial] must not call NodePrepareResources for deleted pod after Kubelet restart" classname="E2eNode Suite" status="skipped" time="0">
              <skipped message="skipped"></skipped>
          </testcase>
          <testcase name="[It] [sig-node] LocalStorageCapacityIsolationFSQuotaMonitoring [Slow] [Serial] [Disruptive] [Feature:LocalStorageCapacityIsolationQuota] [NodeFeature:LSCIQuotaMonitoring] [NodeFeature:UserNamespacesSupport] [Feature:UserNamespacesSupport] when we run containers that should cause use quotas for LSCI monitoring (quotas enabled: true)  should eventually evict all of the correct pods" classname="E2eNode Suite" status="skipped" time="0">
              <skipped message="skipped"></skipped>
          </testcase>
          <testcase name="[It] [sig-node] Density [Serial] [Slow] create a batch of pods [Flaky] latency/resource should be within limit when create 10 pods with 0s interval" classname="E2eNode Suite" status="skipped" time="0">
              <skipped message="skipped"></skipped>
          </testcase>
          <testcase name="[It] [sig-node] Memory Manager [Disruptive] [Serial] [Feature:MemoryManager] with static policy when multiple guaranteed pods started should report memory data for each guaranteed pod and container during request to pod resources List" classname="E2eNode Suite" status="skipped" time="0">
              <skipped message="skipped"></skipped>
          </testcase>
          <testcase name="[It] [sig-node] Pod InPlace Resize Container [Serial] [Feature:InPlacePodVerticalScaling] [NodeAlphaFeature:InPlacePodVerticalScaling] Burstable QoS pod, one container with cpu &amp; memory requests + limits - increase memory requests and decrease CPU limits" classname="E2eNode Suite" status="skipped" time="0">
              <skipped message="skipped"></skipped>
          </testcase>
          <testcase name="[It] [sig-node] Swap [LinuxOnly] [NodeFeature:NodeSwap] [Serial] [Serial] Basic functionality with configuration QOS Guaranteed" classname="E2eNode Suite" status="skipped" time="0">
              <skipped message="skipped"></skipped>
          </testcase>
          <testcase name="[It] [sig-node] OSArchLabelReconciliation [Serial] [Slow] [Disruptive] Kubelet should reconcile the OS and Arch labels when restarted" classname="E2eNode Suite" status="skipped" time="0">
              <skipped message="skipped"></skipped>
          </testcase>
          <testcase name="[It] [sig-node] LocalStorageSoftEvictionNotOverwriteTerminationGracePeriodSeconds [Slow] [Serial] [Disruptive] [NodeFeature:Eviction] when we run containers that should cause DiskPressure  should eventually evict all of the correct pods" classname="E2eNode Suite" status="skipped" time="0">
              <skipped message="skipped"></skipped>
          </testcase>
          <testcase name="[It] [sig-node] POD Resources [Serial] [Feature:PodResources] [NodeFeature:PodResources] without SRIOV devices in the system [Flaky] with CPU manager Static policy  should return the expected responses [NodeFeature:SidecarContainers]" classname="E2eNode Suite" status="skipped" time="0">
              <skipped message="skipped"></skipped>
          </testcase>
          <testcase name="[It] [sig-node] Density [Serial] [Slow] create a batch of pods latency/resource should be within limit when create 90 pods with 300ms interval [Benchmark][NodeSpecialFeature:Benchmark]" classname="E2eNode Suite" status="skipped" time="0">
              <skipped message="skipped"></skipped>
          </testcase>
          <testcase name="[It] [sig-node] Pod InPlace Resize Container [Serial] [Feature:InPlacePodVerticalScaling] [NodeAlphaFeature:InPlacePodVerticalScaling] Burstable QoS pod, one container with cpu &amp; memory requests + limits - decrease memory limits only" classname="E2eNode Suite" status="skipped" time="0">
              <skipped message="skipped"></skipped>
          </testcase>
          <testcase name="[It] [sig-node] Pod InPlace Resize Container [Serial] [Feature:InPlacePodVerticalScaling] [NodeAlphaFeature:InPlacePodVerticalScaling] BestEffort pod - try requesting memory, expect error" classname="E2eNode Suite" status="skipped" time="0">
              <skipped message="skipped"></skipped>
          </testcase>
          <testcase name="[It] [sig-node] Memory Manager [Disruptive] [Serial] [Feature:MemoryManager] with none policy  should not report any memory data during request to pod resources GetAllocatableResources" classname="E2eNode Suite" status="skipped" time="0">
              <skipped message="skipped"></skipped>
          </testcase>
          <testcase name="[It] [sig-node] Memory Manager Metrics [Serial] [Feature:MemoryManager] when querying /metrics should report zero pinning counters after a fresh restart" classname="E2eNode Suite" status="skipped" time="0">
              <skipped message="skipped"></skipped>
          </testcase>
          <testcase name="[It] [sig-node] HugePages [Serial] [Feature:HugePages] [NodeSpecialFeature:HugePages] should remove resources for huge page sizes no longer supported" classname="E2eNode Suite" status="skipped" time="0">
              <skipped message="skipped"></skipped>
          </testcase>
          <testcase name="[It] [sig-node] Swap [LinuxOnly] [NodeFeature:NodeSwap] [Serial] [NodeConformance] with configuration QOS Best-effort" classname="E2eNode Suite" status="skipped" time="0">
              <skipped message="skipped"></skipped>
          </testcase>
          <testcase name="[It] [sig-node] PodPidsLimit [Serial] With config updated with pids limits should set pids.max for Pod" classname="E2eNode Suite" status="skipped" time="0">
              <skipped message="skipped"></skipped>
          </testcase>
          <testcase name="[It] [sig-node] DRA [Feature:DynamicResourceAllocation] [NodeAlphaFeature:DynamicResourceAllocation] Resource Kubelet Plugin [Serial] must retry NodePrepareResources after Kubelet restart" classname="E2eNode Suite" status="skipped" time="0">
              <skipped message="skipped"></skipped>
          </testcase>
          <testcase name="[It] [sig-node] Memory Manager Metrics [Serial] [Feature:MemoryManager] when querying /metrics should not report any pinning failures when the memorymanager allocation is expected to succeed" classname="E2eNode Suite" status="skipped" time="0">
              <skipped message="skipped"></skipped>
          </testcase>
          <testcase name="[It] [sig-node] Swap [LinuxOnly] [NodeFeature:NodeSwap] [Serial] [NodeConformance] with configuration QOS Burstable with memory request equals to limit" classname="E2eNode Suite" status="skipped" time="0">
              <skipped message="skipped"></skipped>
          </testcase>
          <testcase name="[It] [sig-node] Density [Serial] [Slow] create a sequence of pods [Flaky] latency/resource should be within limit when create 10 pods with 50 background pods" classname="E2eNode Suite" status="skipped" time="0">
              <skipped message="skipped"></skipped>
          </testcase>
          <testcase name="[It] [sig-node] DRA [Feature:DynamicResourceAllocation] [NodeAlphaFeature:DynamicResourceAllocation] Resource Kubelet Plugin [Serial] must call NodeUnprepareResources for deleted pod" classname="E2eNode Suite" status="skipped" time="0">
              <skipped message="skipped"></skipped>
          </testcase>
          <testcase name="[It] [sig-node] Density [Serial] [Slow] create a batch of pods with higher API QPS  latency/resource should be within limit when create 90 pods with 100ms interval (QPS 60) [Benchmark][NodeSpecialFeature:Benchmark]" classname="E2eNode Suite" status="skipped" time="0">
              <skipped message="skipped"></skipped>
          </testcase>
          <testcase name="[It] [sig-node] POD Resources [Serial] [Feature:PodResources] [NodeFeature:PodResources] with SRIOV devices in the system with CPU manager None policy should return the expected responses" classname="E2eNode Suite" status="skipped" time="0">
              <skipped message="skipped"></skipped>
          </testcase>
          <testcase name="[It] [sig-node] POD Resources [Serial] [Feature:PodResources] [NodeFeature:PodResources] when querying /metrics [NodeConformance] should report the values for the podresources metrics" classname="E2eNode Suite" status="skipped" time="0">
              <skipped message="skipped"></skipped>
          </testcase>
          <testcase name="[It] [sig-node] Resource-usage [Serial] [Slow] regular resource usage tracking resource tracking for 0 pods per node [Benchmark]" classname="E2eNode Suite" status="skipped" time="0">
              <skipped message="skipped"></skipped>
          </testcase>
          <testcase name="[It] [sig-node] Pod InPlace Resize Container [Serial] [Feature:InPlacePodVerticalScaling] [NodeAlphaFeature:InPlacePodVerticalScaling] Burstable QoS pod, one container with cpu &amp; memory requests + limits - decrease CPU requests and limits" classname="E2eNode Suite" status="skipped" time="0">
              <skipped message="skipped"></skipped>
          </testcase>
          <testcase name="[It] [sig-node] Pod InPlace Resize Container [Serial] [Feature:InPlacePodVerticalScaling] [NodeAlphaFeature:InPlacePodVerticalScaling] Burstable QoS pod, one container with cpu &amp; memory requests + limits - decrease CPU limits only" classname="E2eNode Suite" status="skipped" time="0">
              <skipped message="skipped"></skipped>
          </testcase>
          <testcase name="[It] [sig-node] MirrorPod when recreating a static pod it should launch successfully even if it temporarily failed termination due to volume failing to unmount [NodeConformance] [Serial]" classname="E2eNode Suite" status="skipped" time="0">
              <skipped message="skipped"></skipped>
          </testcase>
          <testcase name="[It] [sig-node] Node Performance Testing [Serial] [Slow] Run node performance testing with pre-defined workloads NAS parallel benchmark (NPB) suite - Embarrassingly Parallel (EP) workload" classname="E2eNode Suite" status="skipped" time="0">
              <skipped message="skipped"></skipped>
          </testcase>
          <testcase name="[It] [sig-node] HugePages [Serial] [Feature:HugePages] [NodeSpecialFeature:HugePages] should add resources for new huge page sizes on kubelet restart" classname="E2eNode Suite" status="skipped" time="0">
              <skipped message="skipped"></skipped>
          </testcase>
          <testcase name="[It] [sig-node] LocalStorageSoftEviction [Slow] [Serial] [Disruptive] [NodeFeature:Eviction] when we run containers that should cause DiskPressure  should eventually evict all of the correct pods" classname="E2eNode Suite" status="skipped" time="0">
              <skipped message="skipped"></skipped>
          </testcase>
          <testcase name="[It] [sig-node] PriorityPidEvictionOrdering [Slow] [Serial] [Disruptive] [NodeFeature:Eviction] when we run containers that should cause PIDPressure; baseline scenario to verify DisruptionTarget is added  should eventually evict all of the correct pods" classname="E2eNode Suite" status="skipped" time="0">
              <skipped message="skipped"></skipped>
          </testcase>
          <testcase name="[It] [sig-node] Pod InPlace Resize Container [Serial] [Feature:InPlacePodVerticalScaling] [NodeAlphaFeature:InPlacePodVerticalScaling] Burstable QoS pod, one container with cpu &amp; memory requests + limits - increase CPU requests only" classname="E2eNode Suite" status="skipped" time="0">
              <skipped message="skipped"></skipped>
          </testcase>
          <testcase name="[It] [sig-node] Device Plugin [NodeFeature:DevicePlugin] [Serial] DevicePlugin [Serial] [Disruptive] [NodeSpecialFeature:CDI] can make a CDI device accessible in a container" classname="E2eNode Suite" status="skipped" time="0">
              <skipped message="skipped"></skipped>
          </testcase>
          <testcase name="[It] [sig-node] SystemNodeCriticalPod [Slow] [Serial] [Disruptive] [NodeFeature:SystemNodeCriticalPod] [NodeFeature:Eviction] when create a system-node-critical pod  should not be evicted upon DiskPressure" classname="E2eNode Suite" status="skipped" time="0">
              <skipped message="skipped"></skipped>
          </testcase>
          <testcase name="[It] [sig-node] Memory Manager [Disruptive] [Serial] [Feature:MemoryManager] with static policy when guaranteed pod memory request is bigger than free memory on each NUMA node should be rejected" classname="E2eNode Suite" status="skipped" time="0">
              <skipped message="skipped"></skipped>
          </testcase>
          <testcase name="[It] [sig-node] [Serial] Containers Lifecycle should restart the containers in right order after the node reboot" classname="E2eNode Suite" status="skipped" time="0">
              <skipped message="skipped"></skipped>
          </testcase>
          <testcase name="[It] [sig-node] Memory Manager [Disruptive] [Serial] [Feature:MemoryManager] with static policy when multiple guaranteed pods started should succeed to start all pods" classname="E2eNode Suite" status="skipped" time="0">
              <skipped message="skipped"></skipped>
          </testcase>
          <testcase name="[It] [sig-node] Pod InPlace Resize Container [Serial] [Feature:InPlacePodVerticalScaling] [NodeAlphaFeature:InPlacePodVerticalScaling] Burstable QoS pod, three containers - increase c1 resources, no change for c2, decrease c3 resources (no net change for pod)" classname="E2eNode Suite" status="skipped" time="0">
              <skipped message="skipped"></skipped>
          </testcase>
          <testcase name="[It] [sig-node] Density [Serial] [Slow] create a batch of pods latency/resource should be within limit when create 10 pods with 0s interval [Benchmark][NodeSpecialFeature:Benchmark]" classname="E2eNode Suite" status="skipped" time="0">
              <skipped message="skipped"></skipped>
          </testcase>
          <testcase name="[It] [sig-node] Memory Manager Metrics [Serial] [Feature:MemoryManager] when querying /metrics should report pinning failures when the memorymanager allocation is known to fail" classname="E2eNode Suite" status="skipped" time="0">
              <skipped message="skipped"></skipped>
          </testcase>
          <testcase name="[It] [sig-node] [Serial] Containers Lifecycle when a Pod is initialized and running should not restart any completed init container, even after the completed init container statuses have been removed and the kubelet restarted" classname="E2eNode Suite" status="skipped" time="0">
              <skipped message="skipped"></skipped>
          </testcase>
          <testcase name="[It] [sig-node] Node Performance Testing [Serial] [Slow] Run node performance testing with pre-defined workloads TensorFlow workload" classname="E2eNode Suite" status="skipped" time="0">
              <skipped message="skipped"></skipped>
          </testcase>
          <testcase name="[It] [sig-node] POD Resources [Serial] [Feature:PodResources] [NodeFeature:PodResources] without SRIOV devices in the system [Flaky] with CPU manager Static policy  should return the expected responses" classname="E2eNode Suite" status="skipped" time="0">
              <skipped message="skipped"></skipped>
          </testcase>
          <testcase name="[It] [sig-node] DRA [Feature:DynamicResourceAllocation] [NodeAlphaFeature:DynamicResourceAllocation] Resource Kubelet Plugin [Serial] must process pod created when kubelet is not running" classname="E2eNode Suite" status="skipped" time="0">
              <skipped message="skipped"></skipped>
          </testcase>
          <testcase name="[It] [sig-node] CriticalPod [Serial] [Disruptive] [NodeFeature:CriticalPod] when we need to admit a critical pod should add DisruptionTarget condition to the preempted pod" classname="E2eNode Suite" status="skipped" time="0">
              <skipped message="skipped"></skipped>
          </testcase>
          <testcase name="[It] [sig-node] Pod InPlace Resize Container [Serial] [Feature:InPlacePodVerticalScaling] [NodeAlphaFeature:InPlacePodVerticalScaling] Guaranteed QoS pod, one container - increase CPU &amp; decrease memory" classname="E2eNode Suite" status="skipped" time="0">
              <skipped message="skipped"></skipped>
          </testcase>
          <testcase name="[It] [sig-node] Pod InPlace Resize Container [Serial] [Feature:InPlacePodVerticalScaling] [NodeAlphaFeature:InPlacePodVerticalScaling] Burstable QoS pod, one container with cpu &amp; memory requests + limits - increase CPU requests and limits" classname="E2eNode Suite" status="skipped" time="0">
              <skipped message="skipped"></skipped>
          </testcase>
          <testcase name="[It] [sig-node] Memory Manager [Disruptive] [Serial] [Feature:MemoryManager] with static policy should report memory data during request to pod resources GetAllocatableResources" classname="E2eNode Suite" status="skipped" time="0">
              <skipped message="skipped"></skipped>
          </testcase>
          <testcase name="[It] [sig-node] DRA [Feature:DynamicResourceAllocation] [NodeAlphaFeature:DynamicResourceAllocation] Two resource Kubelet Plugins [Serial] must run pod if NodeUnprepareResources fails for one plugin and then succeeds" classname="E2eNode Suite" status="skipped" time="0">
              <skipped message="skipped"></skipped>
          </testcase>
          <testcase name="[It] [sig-node] Topology Manager [Serial] [Feature:TopologyManager] With kubeconfig&#39;s topologyOptions updated to static CPU Manager policy run the Topology Manager tests run Topology Manager node alignment test suite" classname="E2eNode Suite" status="skipped" time="0">
              <skipped message="skipped"></skipped>
          </testcase>
          <testcase name="[It] [sig-node] POD Resources [Serial] [Feature:PodResources] [NodeFeature:PodResources] without SRIOV devices in the system [Flaky] with CPU manager Static policy  should account for resources of pods in terminal phase" classname="E2eNode Suite" status="skipped" time="0">
              <skipped message="skipped"></skipped>
          </testcase>
          <testcase name="[It] [sig-node] GarbageCollect [Serial] [NodeFeature:GarbageCollect] Garbage Collection Test: Many Restarting Containers Should eventually garbage collect containers when we exceed the number of dead containers per container" classname="E2eNode Suite" status="skipped" time="0">
              <skipped message="skipped"></skipped>
          </testcase>
          <testcase name="[It] [sig-node] Device Plugin [NodeFeature:DevicePlugin] [Serial] DevicePlugin [Serial] [Disruptive] [OrphanedPods] Ensures pods consuming devices deleted while kubelet is down are cleaned up correctly" classname="E2eNode Suite" status="skipped" time="0">
              <skipped message="skipped"></skipped>
          </testcase>
          <testcase name="[It] [sig-node] ContainerLogRotationWithMultipleWorkers [Slow] [Serial] [Disruptive] when a container generates a lot of logs should be rotated and limited to a fixed amount of files" classname="E2eNode Suite" status="skipped" time="0">
              <skipped message="skipped"></skipped>
          </testcase>
          <testcase name="[It] [sig-node] Topology Manager [Serial] [Feature:TopologyManager] With kubeconfig&#39;s topologyOptions updated to static CPU Manager policy run the Topology Manager tests run Topology Manager policy test suite" classname="E2eNode Suite" status="skipped" time="0">
              <skipped message="skipped"></skipped>
          </testcase>
          <testcase name="[It] [sig-node] CPU Manager [Serial] [Feature:CPUManager] With kubeconfig updated with static CPU Manager policy run the CPU Manager tests should not reuse CPUs of restartable init containers [NodeFeature:SidecarContainers]" classname="E2eNode Suite" status="skipped" time="0">
              <skipped message="skipped"></skipped>
          </testcase>
          <testcase name="[It] [sig-node] Pod InPlace Resize Container [Serial] [Feature:InPlacePodVerticalScaling] [NodeAlphaFeature:InPlacePodVerticalScaling] Burstable QoS pod, one container with cpu &amp; memory requests + limits - increase memory requests only" classname="E2eNode Suite" status="skipped" time="0">
              <skipped message="skipped"></skipped>
          </testcase>
          <testcase name="[It] [sig-node] Topology Manager Metrics [Serial] [Feature:TopologyManager] when querying /metrics should report zero admission counters after a fresh restart" classname="E2eNode Suite" status="skipped" time="0">
              <skipped message="skipped"></skipped>
          </testcase>
          <testcase name="[It] [sig-node] DRA [Feature:DynamicResourceAllocation] [NodeAlphaFeature:DynamicResourceAllocation] Resource Kubelet Plugin [Serial] must run pod if NodePrepareResources fails and then succeeds" classname="E2eNode Suite" status="skipped" time="0">
              <skipped message="skipped"></skipped>
          </testcase>
          <testcase name="[It] [sig-node] HugePages [Serial] [Feature:HugePages] [NodeSpecialFeature:HugePages] when start the pod with the resources requests that contain only one hugepages resource  with the new API should set correct hugetlb mount and limit under the container cgroup" classname="E2eNode Suite" status="skipped" time="0">
              <skipped message="skipped"></skipped>
          </testcase>
          <testcase name="[It] [sig-node] ImageGCNoEviction [Slow] [Serial] [Disruptive] [NodeFeature:Eviction] when we run containers that should cause DiskPressure  should eventually evict all of the correct pods" classname="E2eNode Suite" status="skipped" time="0">
              <skipped message="skipped"></skipped>
          </testcase>
          <testcase name="[It] [sig-node] CriticalPod [Serial] [Disruptive] [NodeFeature:CriticalPod] when we need to admit a critical pod should be able to create and delete a critical pod" classname="E2eNode Suite" status="skipped" time="0">
              <skipped message="skipped"></skipped>
          </testcase>
          <testcase name="[It] [sig-node] DRA [Feature:DynamicResourceAllocation] [NodeAlphaFeature:DynamicResourceAllocation] Two resource Kubelet Plugins [Serial] must prepare and unprepare resources" classname="E2eNode Suite" status="skipped" time="0">
              <skipped message="skipped"></skipped>
          </testcase>
          <testcase name="[It] [sig-node] Pod InPlace Resize Container [Serial] [Feature:InPlacePodVerticalScaling] [NodeAlphaFeature:InPlacePodVerticalScaling] Guaranteed QoS pod, three containers (c1, c2, c3) - increase: CPU (c1,c3), memory (c2) ; decrease: CPU (c2), memory (c1,c3)" classname="E2eNode Suite" status="skipped" time="0">
              <skipped message="skipped"></skipped>
          </testcase>
          <testcase name="[It] [sig-node] Unknown Pods [Serial] [Disruptive] when creating a API pod the api pod should be terminated and cleaned up due to becoming a unknown pod due to being force deleted while kubelet is not running" classname="E2eNode Suite" status="skipped" time="0">
              <skipped message="skipped"></skipped>
          </testcase>
          <testcase name="[It] [sig-node] Device Plugin [NodeFeature:DevicePlugin] [Serial] DevicePlugin [Serial] [Disruptive] will not attempt to admit the succeeded pod after the kubelet restart and device plugin removed" classname="E2eNode Suite" status="skipped" time="0">
              <skipped message="skipped"></skipped>
          </testcase>
          <testcase name="[It] [sig-node] Topology Manager Metrics [Serial] [Feature:TopologyManager] when querying /metrics should report admission failures when the topology manager alignment is known to fail" classname="E2eNode Suite" status="skipped" time="0">
              <skipped message="skipped"></skipped>
          </testcase>
          <testcase name="[It] [sig-node] Kubelet Config [Slow] [Serial] [Disruptive] [NodeFeature:KubeletConfigDropInDir] when merging drop-in configs should merge kubelet configs correctly" classname="E2eNode Suite" status="skipped" time="0">
              <skipped message="skipped"></skipped>
          </testcase>
          <testcase name="[It] [sig-node] CPU Manager Metrics [Serial] [Feature:CPUManager] when querying /metrics should report zero pinning counters after a fresh restart" classname="E2eNode Suite" status="skipped" time="0">
              <skipped message="skipped"></skipped>
          </testcase>
          <testcase name="[It] [sig-node] Topology Manager [Serial] [Feature:TopologyManager] With kubeconfig updated to static CPU Manager policy run the Topology Manager tests run Topology Manager node alignment test suite" classname="E2eNode Suite" status="skipped" time="0">
              <skipped message="skipped"></skipped>
          </testcase>
          <testcase name="[SynchronizedAfterSuite]" classname="E2eNode Suite" status="passed" time="6.314376204"></testcase>
          <testcase name="[SynchronizedBeforeSuite]" classname="E2eNode Suite" status="passed" time="4.26215902"></testcase>
          <testcase name="[It] [sig-network] Pod Host IPs when creating a Pod should provide hostIPs as an env var" classname="E2eNode Suite" status="skipped" time="0">
              <skipped message="skipped"></skipped>
          </testcase>
          <testcase name="[It] [sig-node] [NodeConformance] Containers Lifecycle should run Init container to completion before call to PostStart of regular container" classname="E2eNode Suite" status="skipped" time="0">
              <skipped message="skipped"></skipped>
          </testcase>
          <testcase name="[It] [sig-node] RuntimeClass should schedule a Pod requesting a RuntimeClass without PodOverhead [NodeConformance] [Conformance]" classname="E2eNode Suite" status="skipped" time="0">
              <skipped message="skipped"></skipped>
          </testcase>
          <testcase name="[It] [sig-node] Security Context When creating a pod with privileged should run the container as privileged when true [LinuxOnly] [NodeFeature:HostAccess]" classname="E2eNode Suite" status="skipped" time="0">
              <skipped message="skipped"></skipped>
          </testcase>
          <testcase name="[It] [sig-storage] Secrets should be consumable from pods in volume with defaultMode set [LinuxOnly] [NodeConformance] [Conformance]" classname="E2eNode Suite" status="skipped" time="0">
              <skipped message="skipped"></skipped>
          </testcase>
          <testcase name="[It] [sig-node] Deleted pods handling [NodeConformance] Should transition to Failed phase a deleted pod if non-zero exit codes Restart policy Always" classname="E2eNode Suite" status="skipped" time="0">
              <skipped message="skipped"></skipped>
          </testcase>
          <testcase name="[It] [sig-node] Container Runtime blackbox test on terminated container should report termination message if TerminationMessagePath is set [NodeConformance]" classname="E2eNode Suite" status="skipped" time="0">
              <skipped message="skipped"></skipped>
          </testcase>
          <testcase name="[It] [sig-node] [NodeFeature:SidecarContainers] [Feature:SidecarContainers] Probing restartable init container should mark readiness on pods to false while pod is in progress of terminating when a pod has a readiness probe" classname="E2eNode Suite" status="skipped" time="0">
              <skipped message="skipped"></skipped>
          </testcase>
          <testcase name="[It] [sig-storage] Downward API volume should provide container&#39;s memory request [NodeConformance] [Conformance]" classname="E2eNode Suite" status="skipped" time="0">
              <skipped message="skipped"></skipped>
          </testcase>
          <testcase name="[It] [sig-node] ProcMount [LinuxOnly] [NodeFeature:ProcMountType] [NodeFeature:UserNamespacesSupport] [Feature:UserNamespacesSupport] will unmask proc mounts if requested" classname="E2eNode Suite" status="skipped" time="0">
              <skipped message="skipped"></skipped>
          </testcase>
          <testcase name="[It] [sig-node] InitContainer [NodeConformance] should invoke init containers on a RestartAlways pod [Conformance]" classname="E2eNode Suite" status="skipped" time="0">
              <skipped message="skipped"></skipped>
          </testcase>
          <testcase name="[It] [sig-node] AppArmor [NodeConformance] when running with AppArmor should enforce a profile blocking writes with annotation" classname="E2eNode Suite" status="skipped" time="0">
              <skipped message="skipped"></skipped>
          </testcase>
          <testcase name="[It] [sig-node] [NodeConformance] Containers Lifecycle should call the container&#39;s preStop hook and terminate it if its liveness probe fails" classname="E2eNode Suite" status="skipped" time="0">
              <skipped message="skipped"></skipped>
          </testcase>
          <testcase name="[It] [sig-storage] Projected configMap should be consumable from pods in volume as non-root with FSGroup [LinuxOnly] [NodeFeature:FSGroup]" classname="E2eNode Suite" status="skipped" time="0">
              <skipped message="skipped"></skipped>
          </testcase>
          <testcase name="[It] [sig-storage] Projected downwardAPI should provide container&#39;s memory request [NodeConformance] [Conformance]" classname="E2eNode Suite" status="skipped" time="0">
              <skipped message="skipped"></skipped>
          </testcase>
          <testcase name="[It] [sig-node] Device Plugin Failures: [NodeConformance] when ListAndWatch fails immediately, node allocatable will be set to zero and kubelet will not retry to list resources" classname="E2eNode Suite" status="skipped" time="0">
              <skipped message="skipped"></skipped>
          </testcase>
          <testcase name="[It] [sig-node] Pods should allow activeDeadlineSeconds to be updated [NodeConformance] [Conformance]" classname="E2eNode Suite" status="skipped" time="0">
              <skipped message="skipped"></skipped>
          </testcase>
          <testcase name="[It] [sig-node] [NodeFeature:SidecarContainers] [Feature:SidecarContainers] Probing restartable init container should *not* be restarted with a non-local redirect http liveness probe" classname="E2eNode Suite" status="skipped" time="0">
              <skipped message="skipped"></skipped>
          </testcase>
          <testcase name="[It] [sig-storage] Secrets Should fail non-optional pod creation due to secret object does not exist [Slow]" classname="E2eNode Suite" status="skipped" time="0">
              <skipped message="skipped"></skipped>
          </testcase>
          <testcase name="[It] [sig-node] OOMKiller [LinuxOnly] [NodeConformance] multi process container The containers terminated by OOM killer should have the reason set to OOMKilled" classname="E2eNode Suite" status="skipped" time="0">
              <skipped message="skipped"></skipped>
          </testcase>
          <testcase name="[SynchronizedAfterSuite]" classname="E2eNode Suite" status="passed" time="0.000133941"></testcase>
          <testcase name="[SynchronizedBeforeSuite]" classname="E2eNode Suite" status="passed" time="4.184686732"></testcase>
          <testcase name="[It] [sig-node] Terminate Pods should not hang when terminating pods mounting non-existent volumes" classname="E2eNode Suite" status="skipped" time="0">
              <skipped message="skipped"></skipped>
          </testcase>
          <testcase name="[It] [sig-storage] Projected configMap should be consumable from pods in volume [NodeConformance] [Conformance]" classname="E2eNode Suite" status="skipped" time="0">
              <skipped message="skipped"></skipped>
          </testcase>
          <testcase name="[It] [sig-storage] Projected downwardAPI should provide container&#39;s cpu limit [NodeConformance] [Conformance]" classname="E2eNode Suite" status="skipped" time="0">
              <skipped message="skipped"></skipped>
          </testcase>
          <testcase name="[It] [sig-storage] Volumes NFSv4 should be mountable for NFSv4" classname="E2eNode Suite" status="skipped" time="0">
              <skipped message="skipped"></skipped>
          </testcase>
          <testcase name="[It] [sig-node] Secrets should be consumable as environment variable names when secret keys start with a digit [Feature:RelaxedEnvironmentVariableValidation]" classname="E2eNode Suite" status="skipped" time="0">
              <skipped message="skipped"></skipped>
          </testcase>
          <testcase name="[It] [sig-node] Containers should be able to override the image&#39;s default arguments (container cmd) [NodeConformance] [Conformance]" classname="E2eNode Suite" status="skipped" time="0">
              <skipped message="skipped"></skipped>
          </testcase>
          <testcase name="[It] [sig-storage] Projected downwardAPI should set mode on item file [LinuxOnly] [NodeConformance] [Conformance]" classname="E2eNode Suite" status="skipped" time="0">
              <skipped message="skipped"></skipped>
          </testcase>
          <testcase name="[It] [sig-node] Security Context When creating a pod with privileged should run the container as unprivileged when false [LinuxOnly] [NodeConformance] [Conformance]" classname="E2eNode Suite" status="skipped" time="0">
              <skipped message="skipped"></skipped>
          </testcase>
          <testcase name="[It] [sig-storage] Projected configMap should be consumable from pods in volume as non-root with defaultMode and fsGroup set [LinuxOnly] [NodeFeature:FSGroup]" classname="E2eNode Suite" status="skipped" time="0">
              <skipped message="skipped"></skipped>
          </testcase>
          <testcase name="[It] [sig-node] RuntimeClass should reject a Pod requesting a RuntimeClass with an unconfigured handler [NodeFeature:RuntimeHandler]" classname="E2eNode Suite" status="skipped" time="0">
              <skipped message="skipped"></skipped>
          </testcase>
          <testcase name="[It] [sig-node] Hostname of Pod [NodeConformance] a pod with subdomain field has FQDN, when setHostnameAsFQDN is set to true, the FQDN is set as hostname" classname="E2eNode Suite" status="skipped" time="0">
              <skipped message="skipped"></skipped>
          </testcase>
          <testcase name="[It] [sig-node] NodeLease NodeLease should have OwnerReferences set" classname="E2eNode Suite" status="skipped" time="0">
              <skipped message="skipped"></skipped>
          </testcase>
          <testcase name="[It] [sig-node] ConfigMap should fail to create ConfigMap with empty key [Conformance]" classname="E2eNode Suite" status="skipped" time="0">
              <skipped message="skipped"></skipped>
          </testcase>
          <testcase name="[It] [sig-storage] ConfigMap binary data should be reflected in volume [NodeConformance] [Conformance]" classname="E2eNode Suite" status="skipped" time="0">
              <skipped message="skipped"></skipped>
          </testcase>
          <testcase name="[It] [sig-node] Containers should use the image defaults if command and args are blank [NodeConformance] [Conformance]" classname="E2eNode Suite" status="skipped" time="0">
              <skipped message="skipped"></skipped>
          </testcase>
          <testcase name="[It] [sig-node] Pods should be submitted and removed [NodeConformance] [Conformance]" classname="E2eNode Suite" status="skipped" time="0">
              <skipped message="skipped"></skipped>
          </testcase>
          <testcase name="[It] [sig-node] Pods should support pod readiness gates [NodeConformance]" classname="E2eNode Suite" status="skipped" time="0">
              <skipped message="skipped"></skipped>
          </testcase>
          <testcase name="[It] [sig-node] Kubelet Cgroup Manager QOS containers On enabling QOS cgroup hierarchy Top level QoS containers should have been created [NodeConformance]" classname="E2eNode Suite" status="skipped" time="0">
              <skipped message="skipped"></skipped>
          </testcase>
          <testcase name="[It] [sig-storage] Projected configMap updates should be reflected in volume [NodeConformance] [Conformance]" classname="E2eNode Suite" status="skipped" time="0">
              <skipped message="skipped"></skipped>
          </testcase>
          <testcase name="[It] [sig-node] Device Plugin Failures: [NodeConformance] will set allocatable to zero when a single device became unhealthy and then back to 1 if it got healthy again" classname="E2eNode Suite" status="skipped" time="0">
              <skipped message="skipped"></skipped>
          </testcase>
          <testcase name="[It] [sig-node] ImageID [NodeFeature: ImageID] should be set to the manifest digest (from RepoDigests) when available" classname="E2eNode Suite" status="skipped" time="0">
              <skipped message="skipped"></skipped>
          </testcase>
          <testcase name="[It] [sig-node] [NodeFeature:SidecarContainers] [Feature:SidecarContainers] Probing restartable init container should *not* be restarted with a exec &#34;cat /tmp/health&#34; liveness probe" classname="E2eNode Suite" status="skipped" time="0">
              <skipped message="skipped"></skipped>
          </testcase>
          <testcase name="[It] [sig-node] Kubelet when scheduling a busybox command in a pod should print the output to logs [NodeConformance] [Conformance]" classname="E2eNode Suite" status="skipped" time="0">
              <skipped message="skipped"></skipped>
          </testcase>
          <testcase name="[It] [sig-node] Security Context When creating a container with runAsNonRoot should run with an image specified user ID" classname="E2eNode Suite" status="skipped" time="0">
              <skipped message="skipped"></skipped>
          </testcase>
          <testcase name="[It] [sig-node] Probing container should *not* be restarted with a /healthz http liveness probe [NodeConformance] [Conformance]" classname="E2eNode Suite" status="skipped" time="0">
              <skipped message="skipped"></skipped>
          </testcase>
          <testcase name="[It] [sig-node] Security Context when creating a pod in the host IPC namespace should show the shared memory ID in the host IPC containers [NodeFeature:HostAccess]" classname="E2eNode Suite" status="skipped" time="0">
              <skipped message="skipped"></skipped>
          </testcase>
          <testcase name="[It] [sig-network] Networking Granular Checks: Pods should function for node-pod communication: sctp [LinuxOnly] [Feature:SCTPConnectivity]" classname="E2eNode Suite" status="skipped" time="0">
              <skipped message="skipped"></skipped>
          </testcase>
          <testcase name="[It] [sig-node] ImageVolume [NodeFeature:ImageVolume] should succeed with pod and multiple volumes" classname="E2eNode Suite" status="skipped" time="0">
              <skipped message="skipped"></skipped>
          </testcase>
          <testcase name="[It] [sig-node] RuntimeClass should support RuntimeClasses API operations [Conformance]" classname="E2eNode Suite" status="skipped" time="0">
              <skipped message="skipped"></skipped>
          </testcase>
          <testcase name="[It] [sig-node] Containers should be able to override the image&#39;s default command (container entrypoint) [NodeConformance] [Conformance]" classname="E2eNode Suite" status="skipped" time="0">
              <skipped message="skipped"></skipped>
          </testcase>
          <testcase name="[It] [sig-node] [NodeConformance] Containers Lifecycle when a pod cannot terminate gracefully should respect termination grace period seconds with long-running preStop hook [NodeConformance]" classname="E2eNode Suite" status="skipped" time="0">
              <skipped message="skipped"></skipped>
          </testcase>
          <testcase name="[It] [sig-storage] Projected secret should be consumable from pods in volume with mappings [NodeConformance] [Conformance]" classname="E2eNode Suite" status="skipped" time="0">
              <skipped message="skipped"></skipped>
          </testcase>
          <testcase name="[It] [sig-node] Container Runtime blackbox test when running a container with a new image should be able to pull image [NodeConformance]" classname="E2eNode Suite" status="skipped" time="0">
              <skipped message="skipped"></skipped>
          </testcase>
          <testcase name="[It] [sig-storage] Secrets should be immutable if `immutable` field is set [Conformance]" classname="E2eNode Suite" status="skipped" time="0">
              <skipped message="skipped"></skipped>
          </testcase>
          <testcase name="[It] [sig-node] Pod SIGKILL [LinuxOnly] [NodeConformance]  The containers terminated forcefully by Sigkill should have the correct exit code(137) and reason (Error)" classname="E2eNode Suite" status="skipped" time="0">
              <skipped message="skipped"></skipped>
          </testcase>
          <testcase name="[It] [sig-node] Downward API should provide host IP and pod IP as an env var if pod uses host network [LinuxOnly]" classname="E2eNode Suite" status="skipped" time="0">
              <skipped message="skipped"></skipped>
          </testcase>
          <testcase name="[It] [sig-node] [NodeFeature:SidecarContainers] [Feature:SidecarContainers] Probing restartable init container should be restarted with a /healthz http liveness probe" classname="E2eNode Suite" status="skipped" time="0">
              <skipped message="skipped"></skipped>
          </testcase>
          <testcase name="[It] [sig-node] Sysctls [LinuxOnly] [NodeConformance] should reject invalid sysctls [MinimumKubeletVersion:1.21] [Conformance]" classname="E2eNode Suite" status="skipped" time="0">
              <skipped message="skipped"></skipped>
          </testcase>
          <testcase name="[It] [sig-storage] Secrets should be consumable from pods in volume [NodeConformance] [Conformance]" classname="E2eNode Suite" status="skipped" time="0">
              <skipped message="skipped"></skipped>
          </testcase>
          <testcase name="[It] [sig-storage] Projected downwardAPI should provide node allocatable (memory) as default memory limit if the limit is not set [NodeConformance] [Conformance]" classname="E2eNode Suite" status="skipped" time="0">
              <skipped message="skipped"></skipped>
          </testcase>
          <testcase name="[It] [sig-node] ConfigMap should be consumable via environment variable [NodeConformance] [Conformance]" classname="E2eNode Suite" status="skipped" time="0">
              <skipped message="skipped"></skipped>
          </testcase>
          <testcase name="[It] [sig-node] AppArmor [NodeConformance] when running with AppArmor should enforce a profile blocking writes with field" classname="E2eNode Suite" status="skipped" time="0">
              <skipped message="skipped"></skipped>
          </testcase>
          <testcase name="[It] [sig-node] Container Runtime blackbox test when running a container with a new image should not be able to pull image from invalid registry [NodeConformance]" classname="E2eNode Suite" status="skipped" time="0">
              <skipped message="skipped"></skipped>
          </testcase>
          <testcase name="[SynchronizedAfterSuite]" classname="E2eNode Suite" status="passed" time="0.00142866"></testcase>
          <testcase name="[SynchronizedBeforeSuite]" classname="E2eNode Suite" status="passed" time="4.324288321"></testcase>
          <testcase name="[SynchronizedAfterSuite]" classname="E2eNode Suite" status="passed" time="0.000338552"></testcase>
          <testcase name="[SynchronizedBeforeSuite]" classname="E2eNode Suite" status="passed" time="4.223344334"></testcase>
          <testcase name="[It] [sig-node] ImageCredentialProvider [Feature:KubeletCredentialProviders] should be able to create pod with image credentials fetched from external credential provider" classname="E2eNode Suite" status="skipped" time="0">
              <skipped message="skipped"></skipped>
          </testcase>
          <testcase name="[It] [sig-storage] Downward API volume should provide container&#39;s memory limit [NodeConformance] [Conformance]" classname="E2eNode Suite" status="skipped" time="0">
              <skipped message="skipped"></skipped>
          </testcase>
          <testcase name="[It] [sig-storage] ConfigMap should be consumable from pods in volume with mappings as non-root with FSGroup [LinuxOnly] [NodeFeature:FSGroup]" classname="E2eNode Suite" status="skipped" time="0">
              <skipped message="skipped"></skipped>
          </testcase>
          <testcase name="[It] [sig-storage] Downward API volume should update labels on modification [NodeConformance] [Conformance]" classname="E2eNode Suite" status="skipped" time="0">
              <skipped message="skipped"></skipped>
          </testcase>
          <testcase name="[It] [sig-network] Networking Granular Checks: Pods should function for intra-pod communication: udp [NodeConformance] [Conformance]" classname="E2eNode Suite" status="skipped" time="0">
              <skipped message="skipped"></skipped>
          </testcase>
          <testcase name="[It] [sig-node] ImageVolume [NodeFeature:ImageVolume] should fail if image volume is not existing" classname="E2eNode Suite" status="skipped" time="0">
              <skipped message="skipped"></skipped>
          </testcase>
          <testcase name="[It] [sig-node] Downward API should provide host IP as an env var [NodeConformance] [Conformance]" classname="E2eNode Suite" status="skipped" time="0">
              <skipped message="skipped"></skipped>
          </testcase>
          <testcase name="[It] [sig-node] Probing container should override timeoutGracePeriodSeconds when StartupProbe field is set [NodeConformance]" classname="E2eNode Suite" status="skipped" time="0">
              <skipped message="skipped"></skipped>
          </testcase>
          <testcase name="[It] [sig-node] Container Runtime Conformance Test container runtime conformance blackbox test when running a container with a new image should be able to pull from private registry with credential provider [NodeConformance]" classname="E2eNode Suite" status="skipped" time="0">
              <skipped message="skipped"></skipped>
          </testcase>
          <testcase name="[It] [sig-storage] EmptyDir volumes when FSGroup is specified [LinuxOnly] [NodeFeature:FSGroup] nonexistent volume subPath should have the correct mode and owner using FSGroup" classname="E2eNode Suite" status="skipped" time="0">
              <skipped message="skipped"></skipped>
          </testcase>
          <testcase name="[It] [sig-node] [NodeFeature:SidecarContainers] [Feature:SidecarContainers] Probing restartable init container should mark readiness on pods to false and disable liveness probes while pod is in progress of terminating" classname="E2eNode Suite" status="skipped" time="0">
              <skipped message="skipped"></skipped>
          </testcase>
          <testcase name="[It] [sig-storage] Secrets optional updates should be reflected in volume [NodeConformance] [Conformance]" classname="E2eNode Suite" status="skipped" time="0">
              <skipped message="skipped"></skipped>
          </testcase>
          <testcase name="[It] [sig-storage] Downward API volume should set mode on item file [LinuxOnly] [NodeConformance] [Conformance]" classname="E2eNode Suite" status="skipped" time="0">
              <skipped message="skipped"></skipped>
          </testcase>
          <testcase name="[It] [sig-storage] Projected downwardAPI should provide container&#39;s cpu request [NodeConformance] [Conformance]" classname="E2eNode Suite" status="skipped" time="0">
              <skipped message="skipped"></skipped>
          </testcase>
          <testcase name="[It] [sig-node] [NodeFeature:SidecarContainers] [Feature:SidecarContainers] Probing restartable init container should not be ready with an exec readiness probe timeout [MinimumKubeletVersion:1.20]" classname="E2eNode Suite" status="skipped" time="0">
              <skipped message="skipped"></skipped>
          </testcase>
          <testcase name="[It] [sig-node] Probing container should mark readiness on pods to false and disable liveness probes while pod is in progress of terminating" classname="E2eNode Suite" status="skipped" time="0">
              <skipped message="skipped"></skipped>
          </testcase>
          <testcase name="[It] [sig-node] Probing container should *not* be restarted with a exec &#34;cat /tmp/health&#34; liveness probe [NodeConformance] [Conformance]" classname="E2eNode Suite" status="skipped" time="0">
              <skipped message="skipped"></skipped>
          </testcase>
          <testcase name="[It] [sig-node] KubeletSeparateDiskGC [NodeFeature:KubeletSeparateDiskGC] should display different stats for imageFs and containerFs" classname="E2eNode Suite" status="skipped" time="0">
              <skipped message="skipped"></skipped>
          </testcase>
          <testcase name="[It] [sig-storage] EmptyDir volumes should support (non-root,0644,default) [LinuxOnly] [NodeConformance] [Conformance]" classname="E2eNode Suite" status="skipped" time="0">
              <skipped message="skipped"></skipped>
          </testcase>
          <testcase name="[It] [sig-node] RuntimeClass should reject a Pod requesting a deleted RuntimeClass [NodeConformance] [Conformance]" classname="E2eNode Suite" status="skipped" time="0">
              <skipped message="skipped"></skipped>
          </testcase>
          <testcase name="[It] [sig-node] Deleted pods handling [NodeConformance] Should transition to Succeeded phase a deleted pod when containers complete with 0 exit code Restart policy Always" classname="E2eNode Suite" status="skipped" time="0">
              <skipped message="skipped"></skipped>
          </testcase>
          <testcase name="[It] [sig-node] [NodeFeature:SidecarContainers] [Feature:SidecarContainers] Restartable Init Container Lifecycle Hook when create a pod with lifecycle hook should execute poststart https hook properly [MinimumKubeletVersion:1.23]" classname="E2eNode Suite" status="skipped" time="0">
              <skipped message="skipped"></skipped>
          </testcase>
          <testcase name="[It] [sig-node] Container Runtime blackbox test when running a container with a new image should be able to pull from private registry with secret [NodeConformance]" classname="E2eNode Suite" status="skipped" time="0">
              <skipped message="skipped"></skipped>
          </testcase>
          <testcase name="[It] [sig-node] Security Context [NodeConformance] [LinuxOnly] Container PID namespace sharing processes in containers sharing a pod namespace should be able to see each other" classname="E2eNode Suite" status="skipped" time="0">
              <skipped message="skipped"></skipped>
          </testcase>
          <testcase name="[It] [sig-node] Security Context when creating a pod in the host PID namespace should show its pid in the host PID namespace [NodeFeature:HostAccess]" classname="E2eNode Suite" status="skipped" time="0">
              <skipped message="skipped"></skipped>
          </testcase>
          <testcase name="[It] [sig-node] Checkpoint Container [NodeFeature:CheckpointContainer] will checkpoint a container out of a pod" classname="E2eNode Suite" status="skipped" time="0">
              <skipped message="skipped"></skipped>
          </testcase>
          <testcase name="[It] [sig-node] Downward API should provide default limits.cpu/memory from node allocatable [NodeConformance] [Conformance]" classname="E2eNode Suite" status="skipped" time="0">
              <skipped message="skipped"></skipped>
          </testcase>
          <testcase name="[It] [sig-node] Security Context [NodeConformance] [LinuxOnly] Container PID namespace sharing containers in pods using isolated PID namespaces should all receive PID 1" classname="E2eNode Suite" status="skipped" time="0">
              <skipped message="skipped"></skipped>
          </testcase>
          <testcase name="[It] [sig-node] Probing container should be restarted with a failing exec liveness probe that took longer than the timeout" classname="E2eNode Suite" status="skipped" time="0">
              <skipped message="skipped"></skipped>
          </testcase>
          <testcase name="[It] [sig-storage] EmptyDir volumes should support (root,0644,default) [LinuxOnly] [NodeConformance] [Conformance]" classname="E2eNode Suite" status="skipped" time="0">
              <skipped message="skipped"></skipped>
          </testcase>
          <testcase name="[It] [sig-storage] Volumes NFSv3 should be mountable for NFSv3" classname="E2eNode Suite" status="skipped" time="0">
              <skipped message="skipped"></skipped>
          </testcase>
          <testcase name="[It] [sig-node] PodTemplates should run the lifecycle of PodTemplates [Conformance]" classname="E2eNode Suite" status="skipped" time="0">
              <skipped message="skipped"></skipped>
          </testcase>
          <testcase name="[It] [sig-node] Container Runtime blackbox test on terminated container should report termination message from log output if TerminationMessagePolicy FallbackToLogsOnError is set [NodeConformance] [Conformance]" classname="E2eNode Suite" status="skipped" time="0">
              <skipped message="skipped"></skipped>
          </testcase>
          <testcase name="[It] [sig-node] Pod conditions managed by Kubelet without PodReadyToStartContainersCondition condition a pod without init containers should report all conditions set in expected order after the pod is up" classname="E2eNode Suite" status="skipped" time="0">
              <skipped message="skipped"></skipped>
          </testcase>
          <testcase name="[It] [sig-node] MirrorPodWithGracePeriod when create a mirror pod  should update a static pod when the static pod is updated multiple times during the graceful termination period [NodeConformance]" classname="E2eNode Suite" status="skipped" time="0">
              <skipped message="skipped"></skipped>
          </testcase>
          <testcase name="[It] [sig-node] Probing container should *not* be restarted with a GRPC liveness probe [NodeConformance] [Conformance]" classname="E2eNode Suite" status="skipped" time="0">
              <skipped message="skipped"></skipped>
          </testcase>
          <testcase name="[It] [sig-node] Kubelet with pods in a privileged namespace when scheduling an agnhost Pod with hostAliases and hostNetwork should write entries to /etc/hosts when hostNetwork is enabled [NodeConformance]" classname="E2eNode Suite" status="skipped" time="0">
              <skipped message="skipped"></skipped>
          </testcase>
          <testcase name="[It] [sig-node] [NodeFeature:SidecarContainers] Containers Lifecycle when using a restartable init container in a Pod with restartPolicy=Never when an Init container after restartable init container fails should mark a Pod as failed and produce log" classname="E2eNode Suite" status="skipped" time="0">
              <skipped message="skipped"></skipped>
          </testcase>
          <testcase name="[It] [sig-node] [NodeFeature:SidecarContainers] Containers Lifecycle when using a restartable init container in a Pod with restartPolicy=Never when an Init container after restartable init container fails should mark an Init container as failed" classname="E2eNode Suite" status="skipped" time="0">
              <skipped message="skipped"></skipped>
          </testcase>
          <testcase name="[It] [sig-node] [NodeFeature:SidecarContainers] Containers Lifecycle when using a restartable init container in a Pod with restartPolicy=Never when an Init container after restartable init container fails should be running restartable init container and a failed Init container in parallel" classname="E2eNode Suite" status="skipped" time="0">
              <skipped message="skipped"></skipped>
          </testcase>
          <testcase name="[It] [sig-storage] Secrets should be able to mount in a volume regardless of a different secret existing with same name in different namespace [NodeConformance] [Conformance]" classname="E2eNode Suite" status="skipped" time="0">
              <skipped message="skipped"></skipped>
          </testcase>
          <testcase name="[It] [sig-node] Security Context when creating a pod in the host PID namespace should not show its pid in the non-hostpid containers [NodeFeature:HostAccess]" classname="E2eNode Suite" status="skipped" time="0">
              <skipped message="skipped"></skipped>
          </testcase>
          <testcase name="[It] [sig-node] Security Context When creating a pod with readOnlyRootFilesystem should run the container with writable rootfs when readOnlyRootFilesystem=false [NodeConformance] [Conformance]" classname="E2eNode Suite" status="skipped" time="0">
              <skipped message="skipped"></skipped>
          </testcase>
          <testcase name="[It] [sig-node] [NodeFeature:SidecarContainers] Containers Lifecycle when using a restartable init container in a Pod with restartPolicy=Never when an Init container before restartable init container fails should mark a Pod as failed and produce log" classname="E2eNode Suite" status="skipped" time="0">
              <skipped message="skipped"></skipped>
          </testcase>
          <testcase name="[It] [sig-node] [NodeFeature:SidecarContainers] Containers Lifecycle when using a restartable init container in a Pod with restartPolicy=Never when an Init container before restartable init container fails should mark an Init container as failed" classname="E2eNode Suite" status="skipped" time="0">
              <skipped message="skipped"></skipped>
          </testcase>
          <testcase name="[It] [sig-node] [NodeFeature:SidecarContainers] Containers Lifecycle when using a restartable init container in a Pod with restartPolicy=Never when an Init container before restartable init container fails should not start restartable init container" classname="E2eNode Suite" status="skipped" time="0">
              <skipped message="skipped"></skipped>
          </testcase>
          <testcase name="[It] [sig-storage] ConfigMap Should fail non-optional pod creation due to the key in the configMap object does not exist [Slow]" classname="E2eNode Suite" status="skipped" time="0">
              <skipped message="skipped"></skipped>
          </testcase>
          <testcase name="[It] [sig-node] Variable Expansion should fail substituting values in a volume subpath with backticks [Conformance]" classname="E2eNode Suite" status="skipped" time="0">
              <skipped message="skipped"></skipped>
          </testcase>
          <testcase name="[It] [sig-storage] Projected configMap should be consumable from pods in volume with mappings as non-root [NodeConformance] [Conformance]" classname="E2eNode Suite" status="skipped" time="0">
              <skipped message="skipped"></skipped>
          </testcase>
          <testcase name="[It] [sig-node] Pods should support remote command execution over websockets [NodeConformance] [Conformance]" classname="E2eNode Suite" status="skipped" time="0">
              <skipped message="skipped"></skipped>
          </testcase>
          <testcase name="[It] [sig-node] [NodeFeature:SidecarContainers] Containers Lifecycle when using a restartable init container in a Pod with restartPolicy=Never when a restartable init container runs continuously should complete a Pod successfully and produce log" classname="E2eNode Suite" status="skipped" time="0">
              <skipped message="skipped"></skipped>
          </testcase>
          <testcase name="[It] [sig-node] [NodeFeature:SidecarContainers] Containers Lifecycle when using a restartable init container in a Pod with restartPolicy=Never when a restartable init container runs continuously should not restart a restartable init container" classname="E2eNode Suite" status="skipped" time="0">
              <skipped message="skipped"></skipped>
          </testcase>
          <testcase name="[It] [sig-node] [NodeFeature:SidecarContainers] Containers Lifecycle when using a restartable init container in a Pod with restartPolicy=Never when a restartable init container runs continuously should run a regular container to completion" classname="E2eNode Suite" status="skipped" time="0">
              <skipped message="skipped"></skipped>
          </testcase>
          <testcase name="[It] [sig-node] [NodeFeature:SidecarContainers] [Feature:SidecarContainers] Probing restartable init container should *not* be restarted with a /healthz http liveness probe" classname="E2eNode Suite" status="skipped" time="0">
              <skipped message="skipped"></skipped>
          </testcase>
          <testcase name="[It] [sig-storage] Projected downwardAPI should provide podname as non-root with fsgroup [LinuxOnly] [NodeFeature:FSGroup]" classname="E2eNode Suite" status="skipped" time="0">
              <skipped message="skipped"></skipped>
          </testcase>
          <testcase name="[It] [sig-node] Lock contention [Slow] [Disruptive] [NodeSpecialFeature:LockContention] Kubelet should stop when the test acquires the lock on lock file and restart once the lock is released" classname="E2eNode Suite" status="skipped" time="0">
              <skipped message="skipped"></skipped>
          </testcase>
          <testcase name="[It] [sig-storage] Downward API volume should set DefaultMode on files [LinuxOnly] [NodeConformance] [Conformance]" classname="E2eNode Suite" status="skipped" time="0">
              <skipped message="skipped"></skipped>
          </testcase>
          <testcase name="[It] [sig-node] [NodeFeature:SidecarContainers] Containers Lifecycle should terminate restartable init containers gracefully if there is a non-started restartable init container" classname="E2eNode Suite" status="skipped" time="0">
              <skipped message="skipped"></skipped>
          </testcase>
          <testcase name="[It] [sig-node] Pod conditions managed by Kubelet without PodReadyToStartContainersCondition condition a pod failing to mount volumes and with init containers should report just the scheduled condition set" classname="E2eNode Suite" status="skipped" time="0">
              <skipped message="skipped"></skipped>
          </testcase>
          <testcase name="[It] [sig-node] Probing container should be ready immediately after startupProbe succeeds" classname="E2eNode Suite" status="skipped" time="0">
              <skipped message="skipped"></skipped>
          </testcase>
          <testcase name="[It] [sig-storage] EmptyDir volumes pod should support memory backed volumes of specified size" classname="E2eNode Suite" status="skipped" time="0">
              <skipped message="skipped"></skipped>
          </testcase>
          <testcase name="[It] [sig-node] Variable Expansion should verify that a failing subpath expansion can be modified during the lifecycle of a container [Slow] [Conformance]" classname="E2eNode Suite" status="skipped" time="0">
              <skipped message="skipped"></skipped>
          </testcase>
          <testcase name="[It] [sig-node] Lease lease API should be available [Conformance]" classname="E2eNode Suite" status="skipped" time="0">
              <skipped message="skipped"></skipped>
          </testcase>
          <testcase name="[It] [sig-storage] Projected configMap should be consumable from pods in volume with defaultMode set [LinuxOnly] [NodeConformance] [Conformance]" classname="E2eNode Suite" status="skipped" time="0">
              <skipped message="skipped"></skipped>
          </testcase>
          <testcase name="[It] [sig-node] Kubelet when scheduling a busybox command that always fails in a pod should be possible to delete [NodeConformance] [Conformance]" classname="E2eNode Suite" status="skipped" time="0">
              <skipped message="skipped"></skipped>
          </testcase>
          <testcase name="[It] [sig-node] MirrorPod when create a mirror pod  should be updated when static pod updated [NodeConformance]" classname="E2eNode Suite" status="skipped" time="0">
              <skipped message="skipped"></skipped>
          </testcase>
          <testcase name="[It] [sig-storage] Secrets should be consumable from pods in volume with mappings and Item Mode set [LinuxOnly] [NodeConformance] [Conformance]" classname="E2eNode Suite" status="skipped" time="0">
              <skipped message="skipped"></skipped>
          </testcase>
          <testcase name="[It] [sig-node] Downward API should provide pod name, namespace and IP address as env vars [NodeConformance] [Conformance]" classname="E2eNode Suite" status="skipped" time="0">
              <skipped message="skipped"></skipped>
          </testcase>
          <testcase name="[It] [sig-node] Variable Expansion should allow substituting values in a container&#39;s command [NodeConformance] [Conformance]" classname="E2eNode Suite" status="skipped" time="0">
              <skipped message="skipped"></skipped>
          </testcase>
          <testcase name="[It] [sig-node] Security Context When creating a container with runAsNonRoot should not run with an explicit root user ID [LinuxOnly]" classname="E2eNode Suite" status="skipped" time="0">
              <skipped message="skipped"></skipped>
          </testcase>
          <testcase name="[It] [sig-storage] Projected secret Should fail non-optional pod creation due to the key in the secret object does not exist [Slow]" classname="E2eNode Suite" status="skipped" time="0">
              <skipped message="skipped"></skipped>
          </testcase>
          <testcase name="[It] [sig-storage] HostPath should support subPath [NodeConformance]" classname="E2eNode Suite" status="skipped" time="0">
              <skipped message="skipped"></skipped>
          </testcase>
          <testcase name="[It] [sig-node] Device Plugin Failures: [NodeConformance] will set allocatable to zero when a single device became unhealthy, but capacity will stay at 1" classname="E2eNode Suite" status="skipped" time="0">
              <skipped message="skipped"></skipped>
          </testcase>
          <testcase name="[It] [sig-node] Variable Expansion allow almost all printable ASCII characters as environment variable names [Feature:RelaxedEnvironmentVariableValidation]" classname="E2eNode Suite" status="skipped" time="0">
              <skipped message="skipped"></skipped>
          </testcase>
          <testcase name="[It] [sig-node] AppArmor [NodeConformance] when running with AppArmor should enforce a permissive profile with annotations" classname="E2eNode Suite" status="skipped" time="0">
              <skipped message="skipped"></skipped>
          </testcase>
          <testcase name="[It] [sig-storage] ConfigMap should be immutable if `immutable` field is set [Conformance]" classname="E2eNode Suite" status="skipped" time="0">
              <skipped message="skipped"></skipped>
          </testcase>
          <testcase name="[It] [sig-node] Downward API should provide container&#39;s limits.cpu/memory and requests.cpu/memory as env vars [NodeConformance] [Conformance]" classname="E2eNode Suite" status="skipped" time="0">
              <skipped message="skipped"></skipped>
          </testcase>
          <testcase name="[It] [sig-node] Container Lifecycle Hook when create a pod with lifecycle hook should execute prestop https hook properly [MinimumKubeletVersion:1.23] [NodeConformance]" classname="E2eNode Suite" status="skipped" time="0">
              <skipped message="skipped"></skipped>
          </testcase>
          <testcase name="[It] [sig-storage] HostPath should support r/w [NodeConformance]" classname="E2eNode Suite" status="skipped" time="0">
              <skipped message="skipped"></skipped>
          </testcase>
          <testcase name="[It] [sig-node] Device Plugin Failures: [NodeConformance] when device plugin is stopped after provisioning devices, node allocatable will be set to zero" classname="E2eNode Suite" status="skipped" time="0">
              <skipped message="skipped"></skipped>
          </testcase>
          <testcase name="[It] [sig-node] Mount recursive read-only [LinuxOnly] [NodeFeature:RecursiveReadOnlyMounts] Mount recursive read-only when the runtime supports recursive read-only mounts should accept recursive read-only mounts" classname="E2eNode Suite" status="skipped" time="0">
              <skipped message="skipped"></skipped>
          </testcase>
          <testcase name="[It] [sig-node] [NodeFeature:SidecarContainers] [Feature:SidecarContainers] Probing restartable init container should be restarted with a exec &#34;cat /tmp/health&#34; liveness probe" classname="E2eNode Suite" status="skipped" time="0">
              <skipped message="skipped"></skipped>
          </testcase>
          <testcase name="[It] [sig-node] Kubelet when scheduling a busybox command that always fails in a pod should have an terminated reason [NodeConformance] [Conformance]" classname="E2eNode Suite" status="skipped" time="0">
              <skipped message="skipped"></skipped>
          </testcase>
          <testcase name="[It] [sig-node] InitContainer [NodeConformance] should not start app containers if init containers fail on a RestartAlways pod [Conformance]" classname="E2eNode Suite" status="skipped" time="0">
              <skipped message="skipped"></skipped>
          </testcase>
          <testcase name="[It] [sig-storage] ConfigMap Should fail non-optional pod creation due to configMap object does not exist [Slow]" classname="E2eNode Suite" status="skipped" time="0">
              <skipped message="skipped"></skipped>
          </testcase>
          <testcase name="[It] [sig-node] PodTemplates should delete a collection of pod templates [Conformance]" classname="E2eNode Suite" status="skipped" time="0">
              <skipped message="skipped"></skipped>
          </testcase>
          <testcase name="[It] [sig-node] NodeLease NodeLease the kubelet should create and update a lease in the kube-node-lease namespace" classname="E2eNode Suite" status="skipped" time="0">
              <skipped message="skipped"></skipped>
          </testcase>
          <testcase name="[It] [sig-node] KubeletManagedEtcHosts should test kubelet managed /etc/hosts file [NodeConformance] [Conformance]" classname="E2eNode Suite" status="skipped" time="0">
              <skipped message="skipped"></skipped>
          </testcase>
          <testcase name="[It] [sig-node] [NodeFeature:SidecarContainers] Containers Lifecycle should terminate sidecars in reverse order after all main containers have exited" classname="E2eNode Suite" status="skipped" time="0">
              <skipped message="skipped"></skipped>
          </testcase>
          <testcase name="[It] [sig-node] [NodeFeature:SidecarContainers] Containers Lifecycle should launch restartable init containers serially considering the startup probe" classname="E2eNode Suite" status="skipped" time="0">
              <skipped message="skipped"></skipped>
          </testcase>
          <testcase name="[It] [sig-node] Device Plugin Failures: [NodeConformance] will lower allocatable to a number of unhealthy devices and then back if they became healthy again" classname="E2eNode Suite" status="skipped" time="0">
              <skipped message="skipped"></skipped>
          </testcase>
          <testcase name="[It] [sig-node] [NodeFeature:SidecarContainers] Containers Lifecycle should call sidecar container PreStop hook simultaneously" classname="E2eNode Suite" status="skipped" time="0">
              <skipped message="skipped"></skipped>
          </testcase>
          <testcase name="[It] [sig-storage] ConfigMap optional updates should be reflected in volume [NodeConformance] [Conformance]" classname="E2eNode Suite" status="skipped" time="0">
              <skipped message="skipped"></skipped>
          </testcase>
          <testcase name="[It] [sig-node] Sysctls [LinuxOnly] [NodeConformance] should not launch unsafe, but not explicitly enabled sysctls on the node [MinimumKubeletVersion:1.21]" classname="E2eNode Suite" status="skipped" time="0">
              <skipped message="skipped"></skipped>
          </testcase>
          <testcase name="[It] [sig-storage] EmptyDir volumes when FSGroup is specified [LinuxOnly] [NodeFeature:FSGroup] new files should be created with FSGroup ownership when container is root" classname="E2eNode Suite" status="skipped" time="0">
              <skipped message="skipped"></skipped>
          </testcase>
          <testcase name="[It] [sig-node] Security Context when creating containers with AllowPrivilegeEscalation should allow privilege escalation when not explicitly set and uid != 0 [LinuxOnly] [NodeConformance]" classname="E2eNode Suite" status="skipped" time="0">
              <skipped message="skipped"></skipped>
          </testcase>
          <testcase name="[It] [sig-node] Summary API [NodeConformance] when querying /stats/summary should report resource usage through the stats api" classname="E2eNode Suite" status="skipped" time="0">
              <skipped message="skipped"></skipped>
          </testcase>
          <testcase name="[It] [sig-storage] EmptyDir volumes when FSGroup is specified [LinuxOnly] [NodeFeature:FSGroup] volume on tmpfs should have the correct mode using FSGroup" classname="E2eNode Suite" status="skipped" time="0">
              <skipped message="skipped"></skipped>
          </testcase>
          <testcase name="[It] [sig-node] Variable Expansion should allow substituting values in a container&#39;s args [NodeConformance] [Conformance]" classname="E2eNode Suite" status="skipped" time="0">
              <skipped message="skipped"></skipped>
          </testcase>
          <testcase name="[It] [sig-node] [NodeFeature:SidecarContainers] Containers Lifecycle when using a restartable init container in a Pod with restartPolicy=Never when a restartable init container starts and exits with exit code 0 continuously should complete a Pod successfully and produce log" classname="E2eNode Suite" status="skipped" time="0">
              <skipped message="skipped"></skipped>
          </testcase>
          <testcase name="[It] [sig-node] [NodeFeature:SidecarContainers] Containers Lifecycle when using a restartable init container in a Pod with restartPolicy=Never when a restartable init container starts and exits with exit code 0 continuously should restart a restartable init container before the regular container started" classname="E2eNode Suite" status="skipped" time="0">
              <skipped message="skipped"></skipped>
          </testcase>
          <testcase name="[It] [sig-node] [NodeFeature:SidecarContainers] Containers Lifecycle when using a restartable init container in a Pod with restartPolicy=Never when a restartable init container starts and exits with exit code 0 continuously should restart a restartable init container after the regular container started" classname="E2eNode Suite" status="skipped" time="0">
              <skipped message="skipped"></skipped>
          </testcase>
          <testcase name="[It] [sig-node] [NodeFeature:SidecarContainers] Containers Lifecycle when using a restartable init container in a Pod with restartPolicy=Never when a restartable init container starts and exits with exit code 0 continuously should run a regular container to completion" classname="E2eNode Suite" status="skipped" time="0">
              <skipped message="skipped"></skipped>
          </testcase>
          <testcase name="[It] [sig-node] PodOSRejection [NodeConformance] Kubelet should reject pod when the node OS doesn&#39;t match pod&#39;s OS" classname="E2eNode Suite" status="skipped" time="0">
              <skipped message="skipped"></skipped>
          </testcase>
          <testcase name="[It] [sig-storage] Projected secret should be consumable from pods in volume with defaultMode set [LinuxOnly] [NodeConformance] [Conformance]" classname="E2eNode Suite" status="skipped" time="0">
              <skipped message="skipped"></skipped>
          </testcase>
          <testcase name="[It] [sig-node] Deleted pods handling [NodeConformance] Should transition to Failed phase a deleted pod if non-zero exit codes Restart policy Never" classname="E2eNode Suite" status="skipped" time="0">
              <skipped message="skipped"></skipped>
          </testcase>
          <testcase name="[It] [sig-node] [NodeFeature:SidecarContainers] [Feature:SidecarContainers] Probing restartable init container should override timeoutGracePeriodSeconds when LivenessProbe field is set" classname="E2eNode Suite" status="skipped" time="0">
              <skipped message="skipped"></skipped>
          </testcase>
          <testcase name="[It] [sig-node] Security Context when creating containers with AllowPrivilegeEscalation should not allow privilege escalation when false [LinuxOnly] [NodeConformance] [Conformance]" classname="E2eNode Suite" status="skipped" time="0">
              <skipped message="skipped"></skipped>
          </testcase>
          <testcase name="[It] [sig-node] Security Context when creating a pod in the host network namespace should listen on same port in the host network containers [NodeFeature:HostAccess]" classname="E2eNode Suite" status="skipped" time="0">
              <skipped message="skipped"></skipped>
          </testcase>
          <testcase name="[It] [sig-node] Variable Expansion should succeed in writing subpaths in container [Conformance]" classname="E2eNode Suite" status="skipped" time="0">
              <skipped message="skipped"></skipped>
          </testcase>
          <testcase name="[It] [sig-node] Probing container should be restarted with an exec liveness probe with timeout [MinimumKubeletVersion:1.20] [NodeConformance]" classname="E2eNode Suite" status="skipped" time="0">
              <skipped message="skipped"></skipped>
          </testcase>
          <testcase name="[SynchronizedAfterSuite]" classname="E2eNode Suite" status="passed" time="0.000165982"></testcase>
          <testcase name="[SynchronizedBeforeSuite]" classname="E2eNode Suite" status="passed" time="4.28583452"></testcase>
          <testcase name="[It] [sig-storage] Downward API volume should update annotations on modification [NodeConformance] [Conformance]" classname="E2eNode Suite" status="skipped" time="0">
              <skipped message="skipped"></skipped>
          </testcase>
          <testcase name="[It] [sig-node] Variable Expansion should allow substituting values in a volume subpath [Conformance]" classname="E2eNode Suite" status="skipped" time="0">
              <skipped message="skipped"></skipped>
          </testcase>
          <testcase name="[It] [sig-node] Security Context When creating a container with runAsNonRoot should run with an explicit non-root user ID [LinuxOnly]" classname="E2eNode Suite" status="skipped" time="0">
              <skipped message="skipped"></skipped>
          </testcase>
          <testcase name="[It] [sig-node] [NodeFeature:SidecarContainers] [Feature:SidecarContainers] Restartable Init Container Lifecycle Hook when create a pod with lifecycle hook should execute prestop https hook properly [MinimumKubeletVersion:1.23]" classname="E2eNode Suite" status="skipped" time="0">
              <skipped message="skipped"></skipped>
          </testcase>
          <testcase name="[It] [sig-node] [Feature:StandaloneMode] when creating a static pod the pod should be running" classname="E2eNode Suite" status="skipped" time="0">
              <skipped message="skipped"></skipped>
          </testcase>
          <testcase name="[It] [sig-storage] Projected secret should be consumable from pods in volume as non-root with defaultMode and fsGroup set [LinuxOnly] [NodeConformance] [Conformance]" classname="E2eNode Suite" status="skipped" time="0">
              <skipped message="skipped"></skipped>
          </testcase>
          <testcase name="[It] [sig-storage] Projected configMap Should fail non-optional pod creation due to configMap object does not exist [Slow]" classname="E2eNode Suite" status="skipped" time="0">
              <skipped message="skipped"></skipped>
          </testcase>
          <testcase name="[It] [sig-node] Device Plugin Failures Pod Status [NodeFeature:ResourceHealthStatus] will report a Device Status for the failed pod in the pod status" classname="E2eNode Suite" status="skipped" time="0">
              <skipped message="skipped"></skipped>
          </testcase>
          <testcase name="[It] [sig-storage] Projected secret should be consumable from pods in volume with mappings and Item Mode set [LinuxOnly] [NodeConformance] [Conformance]" classname="E2eNode Suite" status="skipped" time="0">
              <skipped message="skipped"></skipped>
          </testcase>
          <testcase name="[It] [sig-node] Deleted pods handling [NodeConformance] Should transition to Succeeded phase a deleted pod when containers complete with 0 exit code Restart policy OnFailure" classname="E2eNode Suite" status="skipped" time="0">
              <skipped message="skipped"></skipped>
          </testcase>
          <testcase name="[It] [sig-node] Probing container should override timeoutGracePeriodSeconds when LivenessProbe field is set [NodeConformance]" classname="E2eNode Suite" status="skipped" time="0">
              <skipped message="skipped"></skipped>
          </testcase>
          <testcase name="[It] [sig-node] Pods should support retrieving logs from the container over websockets [NodeConformance] [Conformance]" classname="E2eNode Suite" status="skipped" time="0">
              <skipped message="skipped"></skipped>
          </testcase>
          <testcase name="[It] [sig-node] [NodeFeature:SidecarContainers] [Feature:SidecarContainers] Probing restartable init container should have monotonically increasing restart count" classname="E2eNode Suite" status="skipped" time="0">
              <skipped message="skipped"></skipped>
          </testcase>
          <testcase name="[It] [sig-node] [NodeFeature:SidecarContainers] Containers Lifecycle should terminate sidecars simultaneously if prestop doesn&#39;t exit" classname="E2eNode Suite" status="skipped" time="0">
              <skipped message="skipped"></skipped>
          </testcase>
          <testcase name="[It] [sig-node] Container Lifecycle Hook when create a pod with lifecycle hook should execute prestop exec hook properly [NodeConformance] [Conformance]" classname="E2eNode Suite" status="skipped" time="0">
              <skipped message="skipped"></skipped>
          </testcase>
          <testcase name="[It] [sig-node] [NodeConformance] Containers Lifecycle should call the container&#39;s preStop hook and terminate it if its startup probe fails" classname="E2eNode Suite" status="skipped" time="0">
              <skipped message="skipped"></skipped>
          </testcase>
          <testcase name="[It] [sig-storage] Projected secret Should fail non-optional pod creation due to secret object does not exist [Slow]" classname="E2eNode Suite" status="skipped" time="0">
              <skipped message="skipped"></skipped>
          </testcase>
          <testcase name="[It] [sig-node] OOMKiller [LinuxOnly] [NodeConformance] init container The containers terminated by OOM killer should have the reason set to OOMKilled" classname="E2eNode Suite" status="skipped" time="0">
              <skipped message="skipped"></skipped>
          </testcase>
          <testcase name="[It] [sig-node] Probing container should be restarted with a GRPC liveness probe [NodeConformance] [Conformance]" classname="E2eNode Suite" status="skipped" time="0">
              <skipped message="skipped"></skipped>
          </testcase>
          <testcase name="[It] [sig-node] Pod conditions managed by Kubelet without PodReadyToStartContainersCondition condition a pod with init containers should report all conditions set in expected order after the pod is up" classname="E2eNode Suite" status="skipped" time="0">
              <skipped message="skipped"></skipped>
          </testcase>
          <testcase name="[It] [sig-node] [NodeFeature:SidecarContainers] Containers Lifecycle when using a restartable init container in a Pod with restartPolicy=Always when a restartable init container runs continuously should keep running a Pod continuously and produce log" classname="E2eNode Suite" status="skipped" time="0">
              <skipped message="skipped"></skipped>
          </testcase>
          <testcase name="[It] [sig-node] [NodeFeature:SidecarContainers] Containers Lifecycle when using a restartable init container in a Pod with restartPolicy=Always when a restartable init container runs continuously should not restart a restartable init container" classname="E2eNode Suite" status="skipped" time="0">
              <skipped message="skipped"></skipped>
          </testcase>
          <testcase name="[It] [sig-node] [NodeFeature:SidecarContainers] Containers Lifecycle when using a restartable init container in a Pod with restartPolicy=Always when a restartable init container runs continuously should start a regular container" classname="E2eNode Suite" status="skipped" time="0">
              <skipped message="skipped"></skipped>
          </testcase>
          <testcase name="[It] [sig-node] [NodeFeature:SidecarContainers] Containers Lifecycle when using a restartable init container in a Pod with restartPolicy=Always when a restartable init container fails to start because of a bad image should continuously run Pod keeping it Pending and produce log" classname="E2eNode Suite" status="skipped" time="0">
              <skipped message="skipped"></skipped>
          </testcase>
          <testcase name="[It] [sig-node] [NodeFeature:SidecarContainers] Containers Lifecycle when using a restartable init container in a Pod with restartPolicy=Always when a restartable init container fails to start because of a bad image should not start a restartable init container" classname="E2eNode Suite" status="skipped" time="0">
              <skipped message="skipped"></skipped>
          </testcase>
          <testcase name="[It] [sig-node] [NodeFeature:SidecarContainers] Containers Lifecycle when using a restartable init container in a Pod with restartPolicy=Always when a restartable init container fails to start because of a bad image should not start a regular container" classname="E2eNode Suite" status="skipped" time="0">
              <skipped message="skipped"></skipped>
          </testcase>
          <testcase name="[It] [sig-node] [NodeFeature:SidecarContainers] Containers Lifecycle when using a restartable init container in a Pod with restartPolicy=Always when a restartable init container starts and exits with exit code 0 continuously should keep running a Pod continuously and produce log" classname="E2eNode Suite" status="skipped" time="0">
              <skipped message="skipped"></skipped>
          </testcase>
          <testcase name="[It] [sig-node] [NodeFeature:SidecarContainers] Containers Lifecycle when using a restartable init container in a Pod with restartPolicy=Always when a restartable init container starts and exits with exit code 0 continuously should restart a restartable init container before the regular container started" classname="E2eNode Suite" status="skipped" time="0">
              <skipped message="skipped"></skipped>
          </testcase>
          <testcase name="[It] [sig-node] [NodeFeature:SidecarContainers] Containers Lifecycle when using a restartable init container in a Pod with restartPolicy=Always when a restartable init container starts and exits with exit code 0 continuously should restart a restartable init container after the regular container started" classname="E2eNode Suite" status="skipped" time="0">
              <skipped message="skipped"></skipped>
          </testcase>
          <testcase name="[It] [sig-node] [NodeFeature:SidecarContainers] Containers Lifecycle when using a restartable init container in a Pod with restartPolicy=Always when a restartable init container starts and exits with exit code 0 continuously should start a regular container" classname="E2eNode Suite" status="skipped" time="0">
              <skipped message="skipped"></skipped>
          </testcase>
          <testcase name="[It] [sig-node] [NodeFeature:SidecarContainers] Containers Lifecycle when using a restartable init container in a Pod with restartPolicy=Always when a restartable init container starts and exits with exit code 1 continuously should keep running a Pod continuously and produce log" classname="E2eNode Suite" status="skipped" time="0">
              <skipped message="skipped"></skipped>
          </testcase>
          <testcase name="[It] [sig-node] [NodeFeature:SidecarContainers] Containers Lifecycle when using a restartable init container in a Pod with restartPolicy=Always when a restartable init container starts and exits with exit code 1 continuously should restart a restartable init container before the regular container started" classname="E2eNode Suite" status="skipped" time="0">
              <skipped message="skipped"></skipped>
          </testcase>
          <testcase name="[It] [sig-node] [NodeFeature:SidecarContainers] Containers Lifecycle when using a restartable init container in a Pod with restartPolicy=Always when a restartable init container starts and exits with exit code 1 continuously should restart a restartable init container after the regular container started" classname="E2eNode Suite" status="skipped" time="0">
              <skipped message="skipped"></skipped>
          </testcase>
          <testcase name="[It] [sig-node] [NodeFeature:SidecarContainers] Containers Lifecycle when using a restartable init container in a Pod with restartPolicy=Always when a restartable init container starts and exits with exit code 1 continuously should start a regular container" classname="E2eNode Suite" status="skipped" time="0">
              <skipped message="skipped"></skipped>
          </testcase>
          <testcase name="[It] [sig-node] [NodeFeature:SidecarContainers] Containers Lifecycle when using a restartable init container in a Pod with restartPolicy=Always when an Init container before restartable init container continuously fails should continuously run Pod keeping it Pending" classname="E2eNode Suite" status="skipped" time="0">
              <skipped message="skipped"></skipped>
          </testcase>
          <testcase name="[It] [sig-node] [NodeFeature:SidecarContainers] Containers Lifecycle when using a restartable init container in a Pod with restartPolicy=Always when an Init container before restartable init container continuously fails should have Init container restartCount greater than 0" classname="E2eNode Suite" status="skipped" time="0">
              <skipped message="skipped"></skipped>
          </testcase>
          <testcase name="[It] [sig-node] [NodeFeature:SidecarContainers] Containers Lifecycle when using a restartable init container in a Pod with restartPolicy=Always when an Init container before restartable init container continuously fails should not start restartable init container" classname="E2eNode Suite" status="skipped" time="0">
              <skipped message="skipped"></skipped>
          </testcase>
          <testcase name="[It] [sig-node] [NodeFeature:SidecarContainers] Containers Lifecycle when using a restartable init container in a Pod with restartPolicy=Always when an Init container after restartable init container fails should continuously run Pod keeping it Pending" classname="E2eNode Suite" status="skipped" time="0">
              <skipped message="skipped"></skipped>
          </testcase>
          <testcase name="[It] [sig-node] [NodeFeature:SidecarContainers] Containers Lifecycle when using a restartable init container in a Pod with restartPolicy=Always when an Init container after restartable init container fails should have Init container restartCount greater than 0" classname="E2eNode Suite" status="skipped" time="0">
              <skipped message="skipped"></skipped>
          </testcase>
          <testcase name="[It] [sig-node] [NodeFeature:SidecarContainers] Containers Lifecycle when using a restartable init container in a Pod with restartPolicy=Always when an Init container after restartable init container fails should be running restartable init container and a failed Init container in parallel" classname="E2eNode Suite" status="skipped" time="0">
              <skipped message="skipped"></skipped>
          </testcase>
          <testcase name="[It] [sig-node] NodeLease NodeLease the kubelet should report node status infrequently" classname="E2eNode Suite" status="skipped" time="0">
              <skipped message="skipped"></skipped>
          </testcase>
          <testcase name="[It] [sig-node] [NodeFeature:SidecarContainers] Containers Lifecycle should call the container&#39;s preStop hook and not launch next container if the restartable init container&#39;s startup probe fails" classname="E2eNode Suite" status="skipped" time="0">
              <skipped message="skipped"></skipped>
          </testcase>
          <testcase name="[It] [sig-node] [NodeConformance] Containers Lifecycle should not launch second container before PostStart of the first container completed" classname="E2eNode Suite" status="skipped" time="0">
              <skipped message="skipped"></skipped>
          </testcase>
          <testcase name="[It] [sig-storage] Projected configMap should be consumable from pods in volume with mappings as non-root with FSGroup [LinuxOnly] [NodeFeature:FSGroup]" classname="E2eNode Suite" status="skipped" time="0">
              <skipped message="skipped"></skipped>
          </testcase>
          <testcase name="[It] [sig-node] [NodeConformance] Containers Lifecycle shouldn&#39;t restart init containers upon regular container restart" classname="E2eNode Suite" status="skipped" time="0">
              <skipped message="skipped"></skipped>
          </testcase>
          <testcase name="[It] [sig-storage] Downward API volume should provide container&#39;s cpu request [NodeConformance] [Conformance]" classname="E2eNode Suite" status="skipped" time="0">
              <skipped message="skipped"></skipped>
          </testcase>
          <testcase name="[It] [sig-node] [NodeConformance] Containers Lifecycle should not launch regular containers if an init container fails" classname="E2eNode Suite" status="skipped" time="0">
              <skipped message="skipped"></skipped>
          </testcase>
          <testcase name="[It] [sig-node] DefaultProcMount [LinuxOnly] [NodeConformance] will mask proc mounts by default" classname="E2eNode Suite" status="skipped" time="0">
              <skipped message="skipped"></skipped>
          </testcase>
          <testcase name="[It] [sig-node] Probing container should *not* be restarted with a non-local redirect http liveness probe" classname="E2eNode Suite" status="skipped" time="0">
              <skipped message="skipped"></skipped>
          </testcase>
          <testcase name="[It] [sig-node] [NodeFeature:SidecarContainers] [Feature:SidecarContainers] Probing restartable init container should be ready immediately after startupProbe succeeds" classname="E2eNode Suite" status="skipped" time="0">
              <skipped message="skipped"></skipped>
          </testcase>
          <testcase name="[It] [sig-storage] ConfigMap should be consumable from pods in volume as non-root [NodeConformance] [Conformance]" classname="E2eNode Suite" status="skipped" time="0">
              <skipped message="skipped"></skipped>
          </testcase>
          <testcase name="[It] [sig-node] [NodeFeature:SidecarContainers] [Feature:SidecarContainers] Probing restartable init container with readiness probe should not be ready before initial delay and never restart" classname="E2eNode Suite" status="skipped" time="0">
              <skipped message="skipped"></skipped>
          </testcase>
          <testcase name="[It] [sig-node] Ephemeral Containers [NodeConformance] should update the ephemeral containers in an existing pod [Conformance]" classname="E2eNode Suite" status="skipped" time="0">
              <skipped message="skipped"></skipped>
          </testcase>
          <testcase name="[It] [sig-storage] Projected secret should be consumable in multiple volumes in a pod [NodeConformance] [Conformance]" classname="E2eNode Suite" status="skipped" time="0">
              <skipped message="skipped"></skipped>
          </testcase>
          <testcase name="[It] [sig-storage] Projected downwardAPI should provide container&#39;s memory limit [NodeConformance] [Conformance]" classname="E2eNode Suite" status="skipped" time="0">
              <skipped message="skipped"></skipped>
          </testcase>
          <testcase name="[It] [sig-node] Hostname of Pod [NodeConformance] a pod with subdomain field has FQDN, hostname is shortname" classname="E2eNode Suite" status="skipped" time="0">
              <skipped message="skipped"></skipped>
          </testcase>
          <testcase name="[It] [sig-storage] EmptyDir volumes when FSGroup is specified [LinuxOnly] [NodeFeature:FSGroup] files with FSGroup ownership should support (root,0644,tmpfs)" classname="E2eNode Suite" status="skipped" time="0">
              <skipped message="skipped"></skipped>
          </testcase>
          <testcase name="[It] [sig-node] Pod conditions managed by Kubelet without PodReadyToStartContainersCondition condition a pod failing to mount volumes and without init containers should report scheduled and initialized conditions set" classname="E2eNode Suite" status="skipped" time="0">
              <skipped message="skipped"></skipped>
          </testcase>
          <testcase name="[It] [sig-storage] Projected secret should be able to mount in a volume regardless of a different secret existing with same name in different namespace [NodeConformance]" classname="E2eNode Suite" status="skipped" time="0">
              <skipped message="skipped"></skipped>
          </testcase>
          <testcase name="[It] [sig-node] Container Runtime blackbox test on terminated container should report termination message as empty when pod succeeds and TerminationMessagePolicy FallbackToLogsOnError is set [NodeConformance] [Conformance]" classname="E2eNode Suite" status="skipped" time="0">
              <skipped message="skipped"></skipped>
          </testcase>
          <testcase name="[It] [sig-storage] EmptyDir volumes volume on tmpfs should have the correct mode [LinuxOnly] [NodeConformance] [Conformance]" classname="E2eNode Suite" status="skipped" time="0">
              <skipped message="skipped"></skipped>
          </testcase>
          <testcase name="[It] [sig-node] [NodeConformance] Containers Lifecycle when have init container in a Pod with restartPolicy=Never when an init container fails to start because of a bad image should mark a Pod as failed and produce log" classname="E2eNode Suite" status="skipped" time="0">
              <skipped message="skipped"></skipped>
          </testcase>
          <testcase name="[It] [sig-node] [NodeConformance] Containers Lifecycle when have init container in a Pod with restartPolicy=Never when an init container fails to start because of a bad image should not start an init container" classname="E2eNode Suite" status="skipped" time="0">
              <skipped message="skipped"></skipped>
          </testcase>
          <testcase name="[It] [sig-node] [NodeConformance] Containers Lifecycle when have init container in a Pod with restartPolicy=Never when an init container fails to start because of a bad image should not start a regular container" classname="E2eNode Suite" status="skipped" time="0">
              <skipped message="skipped"></skipped>
          </testcase>
          <testcase name="[It] [sig-storage] ConfigMap should be consumable from pods in volume with mappings [NodeConformance] [Conformance]" classname="E2eNode Suite" status="skipped" time="0">
              <skipped message="skipped"></skipped>
          </testcase>
          <testcase name="[It] [sig-node] [NodeFeature:SidecarContainers] [Feature:SidecarContainers] Probing restartable init container should *not* be restarted by liveness probe because startup probe delays it" classname="E2eNode Suite" status="skipped" time="0">
              <skipped message="skipped"></skipped>
          </testcase>
          <testcase name="[It] [sig-node] [NodeFeature:SidecarContainers] [Feature:SidecarContainers] Probing restartable init container should be restarted with a local redirect http liveness probe" classname="E2eNode Suite" status="skipped" time="0">
              <skipped message="skipped"></skipped>
          </testcase>
          <testcase name="[It] [sig-node] Secrets should patch a secret [Conformance]" classname="E2eNode Suite" status="skipped" time="0">
              <skipped message="skipped"></skipped>
          </testcase>
          <testcase name="[It] [sig-node] [NodeFeature:SidecarContainers] [Feature:SidecarContainers] Restartable Init Container Lifecycle Hook when create a pod with lifecycle hook should execute poststart http hook properly" classname="E2eNode Suite" status="skipped" time="0">
              <skipped message="skipped"></skipped>
          </testcase>
          <testcase name="[It] [sig-storage] EmptyDir volumes volume on default medium should have the correct mode [LinuxOnly] [NodeConformance] [Conformance]" classname="E2eNode Suite" status="skipped" time="0">
              <skipped message="skipped"></skipped>
          </testcase>
          <testcase name="[It] [sig-node] Security Context when creating a pod in the host network namespace shouldn&#39;t show the same port in the non-hostnetwork containers [NodeFeature:HostAccess]" classname="E2eNode Suite" status="skipped" time="0">
              <skipped message="skipped"></skipped>
          </testcase>
          <testcase name="[It] [sig-storage] Projected combined should project all components that make up the projection API [Projection] [NodeConformance] [Conformance]" classname="E2eNode Suite" status="skipped" time="0">
              <skipped message="skipped"></skipped>
          </testcase>
          <testcase name="[It] [sig-node] [NodeFeature:SidecarContainers] [Feature:SidecarContainers] Probing restartable init container with readiness probe that fails should never be ready and never restart" classname="E2eNode Suite" status="skipped" time="0">
              <skipped message="skipped"></skipped>
          </testcase>
          <testcase name="[It] [sig-node] [NodeFeature:SidecarContainers] [Feature:SidecarContainers] Restartable Init Container Lifecycle Hook when create a pod with lifecycle hook should execute poststart exec hook properly" classname="E2eNode Suite" status="skipped" time="0">
              <skipped message="skipped"></skipped>
          </testcase>
          <testcase name="[It] [sig-node] ImageVolume [NodeFeature:ImageVolume] should succeed if image volume is not existing but unused" classname="E2eNode Suite" status="skipped" time="0">
              <skipped message="skipped"></skipped>
          </testcase>
          <testcase name="[It] [sig-node] Security Context When creating a container with runAsUser should run the container with uid 65534 [LinuxOnly] [NodeConformance] [Conformance]" classname="E2eNode Suite" status="skipped" time="0">
              <skipped message="skipped"></skipped>
          </testcase>
          <testcase name="[It] [sig-storage] Projected configMap should be consumable from pods in volume as non-root [NodeConformance] [Conformance]" classname="E2eNode Suite" status="skipped" time="0">
              <skipped message="skipped"></skipped>
          </testcase>
          <testcase name="[It] [sig-node] Security Context When creating a pod with HostUsers must create the user namespace if set to false [LinuxOnly] [Feature:UserNamespacesSupport]" classname="E2eNode Suite" status="skipped" time="0">
              <skipped message="skipped"></skipped>
          </testcase>
          <testcase name="[SynchronizedAfterSuite]" classname="E2eNode Suite" status="passed" time="0.000597613"></testcase>
          <testcase name="[SynchronizedBeforeSuite]" classname="E2eNode Suite" status="passed" time="4.271752714"></testcase>
          <testcase name="[SynchronizedAfterSuite]" classname="E2eNode Suite" status="passed" time="0.000250692"></testcase>
          <testcase name="[SynchronizedBeforeSuite]" classname="E2eNode Suite" status="passed" time="4.242581496"></testcase>
          <testcase name="[It] [sig-storage] EmptyDir volumes should support (non-root,0666,tmpfs) [LinuxOnly] [NodeConformance] [Conformance]" classname="E2eNode Suite" status="skipped" time="0">
              <skipped message="skipped"></skipped>
          </testcase>
          <testcase name="[It] [sig-node] Hostname of Pod [NodeConformance] a pod configured to set FQDN as hostname will remain in Pending state generating FailedCreatePodSandBox events when the FQDN is longer than 64 bytes" classname="E2eNode Suite" status="skipped" time="0">
              <skipped message="skipped"></skipped>
          </testcase>
          <testcase name="[It] [sig-node] ConfigMap should be consumable via the environment [NodeConformance] [Conformance]" classname="E2eNode Suite" status="skipped" time="0">
              <skipped message="skipped"></skipped>
          </testcase>
          <testcase name="[It] [sig-storage] ConfigMap updates should be reflected in volume [NodeConformance] [Conformance]" classname="E2eNode Suite" status="skipped" time="0">
              <skipped message="skipped"></skipped>
          </testcase>
          <testcase name="[It] [sig-node] Pods should be updated [NodeConformance] [Conformance]" classname="E2eNode Suite" status="skipped" time="0">
              <skipped message="skipped"></skipped>
          </testcase>
          <testcase name="[It] [sig-network] Networking Granular Checks: Pods should function for node-pod communication: http [LinuxOnly] [NodeConformance] [Conformance]" classname="E2eNode Suite" status="skipped" time="0">
              <skipped message="skipped"></skipped>
          </testcase>
          <testcase name="[It] [sig-node] [NodeFeature:SidecarContainers] [Feature:SidecarContainers] Probing restartable init container should be restarted with a failing exec liveness probe that took longer than the timeout" classname="E2eNode Suite" status="skipped" time="0">
              <skipped message="skipped"></skipped>
          </testcase>
          <testcase name="[It] [sig-node] Device Plugin Failures: [NodeConformance] when ListAndWatch fails after provisioning devices, node allocatable will be set to zero and kubelet will not retry to list resources" classname="E2eNode Suite" status="skipped" time="0">
              <skipped message="skipped"></skipped>
          </testcase>
          <testcase name="[It] [sig-storage] EmptyDir volumes should support (root,0777,tmpfs) [LinuxOnly] [NodeConformance] [Conformance]" classname="E2eNode Suite" status="skipped" time="0">
              <skipped message="skipped"></skipped>
          </testcase>
          <testcase name="[It] [sig-storage] Projected configMap Should fail non-optional pod creation due to the key in the configMap object does not exist [Slow]" classname="E2eNode Suite" status="skipped" time="0">
              <skipped message="skipped"></skipped>
          </testcase>
          <testcase name="[It] [sig-storage] Downward API volume should provide podname as non-root with fsgroup [LinuxOnly] [NodeFeature:FSGroup]" classname="E2eNode Suite" status="skipped" time="0">
              <skipped message="skipped"></skipped>
          </testcase>
          <testcase name="[It] [sig-node] Secrets should be consumable from pods in env vars [NodeConformance] [Conformance]" classname="E2eNode Suite" status="skipped" time="0">
              <skipped message="skipped"></skipped>
          </testcase>
          <testcase name="[It] [sig-node] Variable Expansion should allow composing env vars into new env vars [NodeConformance] [Conformance]" classname="E2eNode Suite" status="skipped" time="0">
              <skipped message="skipped"></skipped>
          </testcase>
          <testcase name="[It] [sig-node] [Feature:PodLifecycleSleepAction] when create a pod with lifecycle hook using sleep action ignore terminated container" classname="E2eNode Suite" status="skipped" time="0">
              <skipped message="skipped"></skipped>
          </testcase>
          <testcase name="[It] [sig-node] InitContainer [NodeConformance] should invoke init containers on a RestartNever pod [Conformance]" classname="E2eNode Suite" status="skipped" time="0">
              <skipped message="skipped"></skipped>
          </testcase>
          <testcase name="[It] [sig-node] Pods should delete a collection of pods [Conformance]" classname="E2eNode Suite" status="skipped" time="0">
              <skipped message="skipped"></skipped>
          </testcase>
          <testcase name="[It] [sig-node] Mount recursive read-only [LinuxOnly] [NodeFeature:RecursiveReadOnlyMounts] Mount recursive read-only when the runtime does not support recursive read-only mounts should accept non-recursive read-only mounts" classname="E2eNode Suite" status="skipped" time="0">
              <skipped message="skipped"></skipped>
          </testcase>
          <testcase name="[It] [sig-node] [Feature:PodLifecycleSleepAction] when create a pod with lifecycle hook using sleep action valid prestop hook using sleep action" classname="E2eNode Suite" status="skipped" time="0">
              <skipped message="skipped"></skipped>
          </testcase>
          <testcase name="[It] [sig-storage] EmptyDir volumes should support (non-root,0666,default) [LinuxOnly] [NodeConformance] [Conformance]" classname="E2eNode Suite" status="skipped" time="0">
              <skipped message="skipped"></skipped>
          </testcase>
          <testcase name="[It] [sig-node] ConfigMap should run through a ConfigMap lifecycle [Conformance]" classname="E2eNode Suite" status="skipped" time="0">
              <skipped message="skipped"></skipped>
          </testcase>
          <testcase name="[It] [sig-node] ProcMount [LinuxOnly] [NodeFeature:ProcMountType] [NodeFeature:UserNamespacesSupport] [Feature:UserNamespacesSupport] will fail to unmask proc mounts if not privileged" classname="E2eNode Suite" status="skipped" time="0">
              <skipped message="skipped"></skipped>
          </testcase>
          <testcase name="[It] [sig-storage] EmptyDir volumes should support (root,0644,tmpfs) [LinuxOnly] [NodeConformance] [Conformance]" classname="E2eNode Suite" status="skipped" time="0">
              <skipped message="skipped"></skipped>
          </testcase>
          <testcase name="[It] [sig-node] RuntimeClass should run a Pod requesting a RuntimeClass with a configured handler [NodeFeature:RuntimeHandler]" classname="E2eNode Suite" status="skipped" time="0">
              <skipped message="skipped"></skipped>
          </testcase>
          <testcase name="[It] [sig-node] Probing container should be restarted with a /healthz http liveness probe [NodeConformance] [Conformance]" classname="E2eNode Suite" status="skipped" time="0">
              <skipped message="skipped"></skipped>
          </testcase>
          <testcase name="[It] [sig-storage] EmptyDir volumes pod should support shared volumes between containers [Conformance]" classname="E2eNode Suite" status="skipped" time="0">
              <skipped message="skipped"></skipped>
          </testcase>
          <testcase name="[It] [sig-node] ImageVolume [NodeFeature:ImageVolume] should succeed with pod and pull policy of Always" classname="E2eNode Suite" status="skipped" time="0">
              <skipped message="skipped"></skipped>
          </testcase>
          <testcase name="[It] [sig-network] Pod IPs when pod gets terminated should contain podIPs in status for failed pod" classname="E2eNode Suite" status="skipped" time="0">
              <skipped message="skipped"></skipped>
          </testcase>
          <testcase name="[It] [sig-node] Deleted pods handling [NodeConformance] Should transition to Failed phase a pod which is deleted while pending" classname="E2eNode Suite" status="skipped" time="0">
              <skipped message="skipped"></skipped>
          </testcase>
          <testcase name="[It] [sig-storage] Projected secret optional updates should be reflected in volume [NodeConformance] [Conformance]" classname="E2eNode Suite" status="skipped" time="0">
              <skipped message="skipped"></skipped>
          </testcase>
          <testcase name="[It] [sig-network] Pod IPs when pod gets terminated should contain podIPs in status for during termination" classname="E2eNode Suite" status="skipped" time="0">
              <skipped message="skipped"></skipped>
          </testcase>
          <testcase name="[It] [sig-node] Container Lifecycle Hook when create a pod with lifecycle hook should execute poststart http hook properly [NodeConformance] [Conformance]" classname="E2eNode Suite" status="skipped" time="0">
              <skipped message="skipped"></skipped>
          </testcase>
          <testcase name="[It] [sig-storage] Projected downwardAPI should provide podname as non-root with fsgroup and defaultMode [LinuxOnly] [NodeFeature:FSGroup]" classname="E2eNode Suite" status="skipped" time="0">
              <skipped message="skipped"></skipped>
          </testcase>
          <testcase name="[It] [sig-node] Mount recursive read-only [LinuxOnly] [NodeFeature:RecursiveReadOnlyMounts] Mount recursive read-only when the runtime supports recursive read-only mounts should reject invalid recursive read-only mounts" classname="E2eNode Suite" status="skipped" time="0">
              <skipped message="skipped"></skipped>
          </testcase>
          <testcase name="[It] [sig-node] [NodeConformance] Containers Lifecycle when a pod is terminating because its liveness probe fails should continue running liveness probes for restartable init containers and restart them while in preStop [NodeConformance]" classname="E2eNode Suite" status="skipped" time="0">
              <skipped message="skipped"></skipped>
          </testcase>
          <testcase name="[It] [sig-node] ConfigMap should be consumable as environment variable names when configmap keys start with a digit [Feature:RelaxedEnvironmentVariableValidation]" classname="E2eNode Suite" status="skipped" time="0">
              <skipped message="skipped"></skipped>
          </testcase>
          <testcase name="[It] [sig-node] Probing container should be restarted with a local redirect http liveness probe" classname="E2eNode Suite" status="skipped" time="0">
              <skipped message="skipped"></skipped>
          </testcase>
          <testcase name="[It] [sig-node] Deleted pods handling [NodeConformance] Should transition to Succeeded phase a deleted pod when containers complete with 0 exit code Restart policy Never" classname="E2eNode Suite" status="skipped" time="0">
              <skipped message="skipped"></skipped>
          </testcase>
          <testcase name="[It] [sig-node] Pods should get a host IP [NodeConformance] [Conformance]" classname="E2eNode Suite" status="skipped" time="0">
              <skipped message="skipped"></skipped>
          </testcase>
          <testcase name="[It] [sig-node] ImageVolume [NodeFeature:ImageVolume] should succeed with multiple pods and same image on the same node" classname="E2eNode Suite" status="skipped" time="0">
              <skipped message="skipped"></skipped>
          </testcase>
          <testcase name="[It] [sig-node] MirrorPodWithGracePeriod when create a mirror pod  mirror pod termination should satisfy grace period when static pod is updated [NodeConformance]" classname="E2eNode Suite" status="skipped" time="0">
              <skipped message="skipped"></skipped>
          </testcase>
          <testcase name="[It] [sig-node] [NodeFeature:SidecarContainers] [Feature:SidecarContainers] Probing restartable init container should be restarted with an exec liveness probe with timeout [MinimumKubeletVersion:1.20]" classname="E2eNode Suite" status="skipped" time="0">
              <skipped message="skipped"></skipped>
          </testcase>
          <testcase name="[It] [sig-storage] Projected configMap should be consumable in multiple volumes in the same pod [NodeConformance] [Conformance]" classname="E2eNode Suite" status="skipped" time="0">
              <skipped message="skipped"></skipped>
          </testcase>
          <testcase name="[It] [sig-node] Kubelet when scheduling a read only busybox container should not write to root filesystem [LinuxOnly] [NodeConformance] [Conformance]" classname="E2eNode Suite" status="skipped" time="0">
              <skipped message="skipped"></skipped>
          </testcase>
          <testcase name="[It] [sig-node] Security Context When creating a container with runAsNonRoot should not run without a specified user ID" classname="E2eNode Suite" status="skipped" time="0">
              <skipped message="skipped"></skipped>
          </testcase>
          <testcase name="[It] [sig-storage] Downward API volume should provide podname as non-root with fsgroup and defaultMode [LinuxOnly] [NodeFeature:FSGroup]" classname="E2eNode Suite" status="skipped" time="0">
              <skipped message="skipped"></skipped>
          </testcase>
          <testcase name="[It] [sig-node] [NodeFeature:SidecarContainers] Containers Lifecycle should call the container&#39;s preStop hook and start the next container if the restartable init container&#39;s liveness probe fails" classname="E2eNode Suite" status="skipped" time="0">
              <skipped message="skipped"></skipped>
          </testcase>
          <testcase name="[It] [sig-storage] Projected downwardAPI should set DefaultMode on files [LinuxOnly] [NodeConformance] [Conformance]" classname="E2eNode Suite" status="skipped" time="0">
              <skipped message="skipped"></skipped>
          </testcase>
          <testcase name="[It] [sig-node] Pods should cap back-off at MaxContainerBackOff [Slow] [NodeConformance]" classname="E2eNode Suite" status="skipped" time="0">
              <skipped message="skipped"></skipped>
          </testcase>
          <testcase name="[It] [sig-node] Container Lifecycle Hook when create a pod with lifecycle hook should execute prestop http hook properly [NodeConformance] [Conformance]" classname="E2eNode Suite" status="skipped" time="0">
              <skipped message="skipped"></skipped>
          </testcase>
          <testcase name="[It] [sig-storage] ConfigMap should be consumable from pods in volume with mappings as non-root [NodeConformance] [Conformance]" classname="E2eNode Suite" status="skipped" time="0">
              <skipped message="skipped"></skipped>
          </testcase>
          <testcase name="[It] [sig-node] Secrets should fail to create secret due to empty secret key [Conformance]" classname="E2eNode Suite" status="skipped" time="0">
              <skipped message="skipped"></skipped>
          </testcase>
          <testcase name="[It] [sig-storage] EmptyDir volumes when FSGroup is specified [LinuxOnly] [NodeFeature:FSGroup] volume on default medium should have the correct mode using FSGroup" classname="E2eNode Suite" status="skipped" time="0">
              <skipped message="skipped"></skipped>
          </testcase>
          <testcase name="[It] [sig-node] Ephemeral Containers [NodeConformance] will start an ephemeral container in an existing pod [Conformance]" classname="E2eNode Suite" status="skipped" time="0">
              <skipped message="skipped"></skipped>
          </testcase>
          <testcase name="[It] [sig-storage] Projected downwardAPI should provide podname only [NodeConformance] [Conformance]" classname="E2eNode Suite" status="skipped" time="0">
              <skipped message="skipped"></skipped>
          </testcase>
          <testcase name="[It] [sig-node] Pods should have their auto-restart back-off timer reset on image update [Slow] [NodeConformance]" classname="E2eNode Suite" status="skipped" time="0">
              <skipped message="skipped"></skipped>
          </testcase>
          <testcase name="[It] [sig-node] Sysctls [LinuxOnly] [NodeConformance] should support sysctls [MinimumKubeletVersion:1.21] [Environment:NotInUserNS] [Conformance]" classname="E2eNode Suite" status="skipped" time="0">
              <skipped message="skipped"></skipped>
          </testcase>
          <testcase name="[It] [sig-storage] Downward API volume should provide node allocatable (cpu) as default cpu limit if the limit is not set [NodeConformance] [Conformance]" classname="E2eNode Suite" status="skipped" time="0">
              <skipped message="skipped"></skipped>
          </testcase>
          <testcase name="[It] [sig-node] Pods should patch a pod status [Conformance]" classname="E2eNode Suite" status="skipped" time="0">
              <skipped message="skipped"></skipped>
          </testcase>
          <testcase name="[It] [sig-node] [NodeConformance] Containers Lifecycle should launch init container serially before a regular container" classname="E2eNode Suite" status="skipped" time="0">
              <skipped message="skipped"></skipped>
          </testcase>
          <testcase name="[It] [sig-node] [NodeFeature:SidecarContainers] [Feature:SidecarContainers] Restartable Init Container Lifecycle Hook when create a pod with lifecycle hook should execute prestop exec hook properly" classname="E2eNode Suite" status="skipped" time="0">
              <skipped message="skipped"></skipped>
          </testcase>
          <testcase name="[It] [sig-node] [NodeFeature:SidecarContainers] [Feature:SidecarContainers] Probing restartable init container should *not* be restarted with a tcp:8080 liveness probe" classname="E2eNode Suite" status="skipped" time="0">
              <skipped message="skipped"></skipped>
          </testcase>
          <testcase name="[It] [sig-storage] Downward API volume should provide container&#39;s cpu limit [NodeConformance] [Conformance]" classname="E2eNode Suite" status="skipped" time="0">
              <skipped message="skipped"></skipped>
          </testcase>
          <testcase name="[It] [sig-node] Container Runtime blackbox test on terminated container should report termination message from file when pod succeeds and TerminationMessagePolicy FallbackToLogsOnError is set [NodeConformance] [Conformance]" classname="E2eNode Suite" status="skipped" time="0">
              <skipped message="skipped"></skipped>
          </testcase>
          <testcase name="[It] [sig-storage] Projected downwardAPI should provide node allocatable (cpu) as default cpu limit if the limit is not set [NodeConformance] [Conformance]" classname="E2eNode Suite" status="skipped" time="0">
              <skipped message="skipped"></skipped>
          </testcase>
          <testcase name="[It] [sig-storage] EmptyDir volumes should support (non-root,0777,default) [LinuxOnly] [NodeConformance] [Conformance]" classname="E2eNode Suite" status="skipped" time="0">
              <skipped message="skipped"></skipped>
          </testcase>
          <testcase name="[It] [sig-storage] Projected configMap should be consumable from pods in volume with mappings and Item mode set [LinuxOnly] [NodeConformance] [Conformance]" classname="E2eNode Suite" status="skipped" time="0">
              <skipped message="skipped"></skipped>
          </testcase>
          <testcase name="[It] [sig-storage] ConfigMap should be consumable from pods in volume as non-root with FSGroup [LinuxOnly] [NodeFeature:FSGroup]" classname="E2eNode Suite" status="skipped" time="0">
              <skipped message="skipped"></skipped>
          </testcase>
          <testcase name="[It] PreStop Hook Test Final should call the container&#39;s preStop hook and terminate it if its startup probe fails" classname="E2eNode Suite" status="passed" time="104.241524821"></testcase>
          <testcase name="[SynchronizedAfterSuite]" classname="E2eNode Suite" status="passed" time="0.000347502"></testcase>
      </testsuite>
  </testsuites>